  [1m[35m (8.1ms)[0m  [1m[35mCREATE DATABASE "react-on-rails_development" ENCODING = 'unicode'[0m
  ↳ bin/rails:9
  [1m[35m (0.7ms)[0m  [1m[35mCREATE DATABASE "react-on-rails_test" ENCODING = 'unicode'[0m
  ↳ bin/rails:9
  [1m[35m (66.1ms)[0m  [1m[34mSELECT "schema_migrations"."version" FROM "schema_migrations" ORDER BY "schema_migrations"."version" ASC[0m
  ↳ bin/rails:9
  [1m[35m (55.1ms)[0m  [1m[34mSELECT "ar_internal_metadata"."value" FROM "ar_internal_metadata" WHERE "ar_internal_metadata"."key" = $1[0m  [["key", "environment"]]
  ↳ bin/rails:9
  [1m[35m (0.3ms)[0m  [1m[34mSELECT "schema_migrations"."version" FROM "schema_migrations" ORDER BY "schema_migrations"."version" ASC[0m
  ↳ bin/rails:9
  [1m[35m (0.3ms)[0m  [1m[34mSELECT "ar_internal_metadata"."value" FROM "ar_internal_metadata" WHERE "ar_internal_metadata"."key" = $1[0m  [["key", "environment"]]
  ↳ bin/rails:9
  [1m[35m (0.3ms)[0m  [1m[34mSELECT "schema_migrations"."version" FROM "schema_migrations" ORDER BY "schema_migrations"."version" ASC[0m
  ↳ bin/rails:9
  [1m[35m (0.2ms)[0m  [1m[34mSELECT "ar_internal_metadata"."value" FROM "ar_internal_metadata" WHERE "ar_internal_metadata"."key" = $1[0m  [["key", "environment"]]
  ↳ bin/rails:9
  [1m[35m (282.2ms)[0m  [1m[35mDROP DATABASE IF EXISTS "react-on-rails_development"[0m
  ↳ bin/rails:9
  [1m[35m (240.5ms)[0m  [1m[35mDROP DATABASE IF EXISTS "react-on-rails_test"[0m
  ↳ bin/rails:9
  [1m[35m (699.2ms)[0m  [1m[35mCREATE DATABASE "react-on-rails_development" ENCODING = 'unicode'[0m
  ↳ bin/rails:9
  [1m[35m (399.4ms)[0m  [1m[35mCREATE DATABASE "react-on-rails_test" ENCODING = 'unicode'[0m
  ↳ bin/rails:9
  [1m[35m (5.1ms)[0m  [1m[35mCREATE TABLE "schema_migrations" ("version" character varying NOT NULL PRIMARY KEY)[0m
  ↳ bin/rails:9
  [1m[35m (3.2ms)[0m  [1m[35mCREATE TABLE "ar_internal_metadata" ("key" character varying NOT NULL PRIMARY KEY, "value" character varying, "created_at" timestamp NOT NULL, "updated_at" timestamp NOT NULL)[0m
  ↳ bin/rails:9
  [1m[35m (0.2ms)[0m  [1m[34mSELECT pg_try_advisory_lock(8663418600339811770)[0m
  ↳ bin/rails:9
  [1m[35m (0.5ms)[0m  [1m[34mSELECT "schema_migrations"."version" FROM "schema_migrations" ORDER BY "schema_migrations"."version" ASC[0m
  ↳ bin/rails:9
Migrating to CreateExperiences (20181102203021)
  [1m[35m (0.3ms)[0m  [1m[35mBEGIN[0m
  ↳ bin/rails:9
  [1m[35m (44.9ms)[0m  [1m[35mCREATE TABLE "experiences" ("id" bigserial primary key, "level" character varying, "created_at" timestamp NOT NULL, "updated_at" timestamp NOT NULL)[0m
  ↳ db/migrate/20181102203021_create_experiences.rb:3
  [1m[36mActiveRecord::SchemaMigration Create (0.6ms)[0m  [1m[32mINSERT INTO "schema_migrations" ("version") VALUES ($1) RETURNING "version"[0m  [["version", "20181102203021"]]
  ↳ bin/rails:9
  [1m[35m (0.9ms)[0m  [1m[35mCOMMIT[0m
  ↳ bin/rails:9
Migrating to CreateUsers (20181102203608)
  [1m[35m (0.3ms)[0m  [1m[35mBEGIN[0m
  ↳ bin/rails:9
  [1m[35m (87.9ms)[0m  [1m[35mCREATE TABLE "users" ("id" bigserial primary key, "username" character varying, "email" character varying, "tel" character varying, "password_digest" character varying, "contact" boolean, "location" integer, "experience_id" bigint, "created_at" timestamp NOT NULL, "updated_at" timestamp NOT NULL, CONSTRAINT "fk_rails_46a4059aa1"
FOREIGN KEY ("experience_id")
  REFERENCES "experiences" ("id")
)[0m
  ↳ db/migrate/20181102203608_create_users.rb:3
  [1m[35m (1.4ms)[0m  [1m[35mCREATE  INDEX  "index_users_on_experience_id" ON "users"  ("experience_id")[0m
  ↳ db/migrate/20181102203608_create_users.rb:3
  [1m[35m (1.2ms)[0m  [1m[35mCREATE UNIQUE INDEX  "index_users_on_username" ON "users"  ("username")[0m
  ↳ db/migrate/20181102203608_create_users.rb:14
  [1m[35m (1.1ms)[0m  [1m[35mCREATE UNIQUE INDEX  "index_users_on_email" ON "users"  ("email")[0m
  ↳ db/migrate/20181102203608_create_users.rb:15
  [1m[35m (1.2ms)[0m  [1m[35mCREATE UNIQUE INDEX  "index_users_on_tel" ON "users"  ("tel")[0m
  ↳ db/migrate/20181102203608_create_users.rb:16
  [1m[35m (1.3ms)[0m  [1m[35mCREATE  INDEX  "index_users_on_location" ON "users"  ("location")[0m
  ↳ db/migrate/20181102203608_create_users.rb:17
  [1m[36mActiveRecord::SchemaMigration Create (0.3ms)[0m  [1m[32mINSERT INTO "schema_migrations" ("version") VALUES ($1) RETURNING "version"[0m  [["version", "20181102203608"]]
  ↳ bin/rails:9
  [1m[35m (0.7ms)[0m  [1m[35mCOMMIT[0m
  ↳ bin/rails:9
  [1m[36mActiveRecord::InternalMetadata Load (0.4ms)[0m  [1m[34mSELECT  "ar_internal_metadata".* FROM "ar_internal_metadata" WHERE "ar_internal_metadata"."key" = $1 LIMIT $2[0m  [["key", "environment"], ["LIMIT", 1]]
  ↳ bin/rails:9
  [1m[35m (0.2ms)[0m  [1m[35mBEGIN[0m
  ↳ bin/rails:9
  [1m[36mActiveRecord::InternalMetadata Create (0.5ms)[0m  [1m[32mINSERT INTO "ar_internal_metadata" ("key", "value", "created_at", "updated_at") VALUES ($1, $2, $3, $4) RETURNING "key"[0m  [["key", "environment"], ["value", "development"], ["created_at", "2018-11-02 20:37:11.168333"], ["updated_at", "2018-11-02 20:37:11.168333"]]
  ↳ bin/rails:9
  [1m[35m (0.5ms)[0m  [1m[35mCOMMIT[0m
  ↳ bin/rails:9
  [1m[35m (0.2ms)[0m  [1m[34mSELECT pg_advisory_unlock(8663418600339811770)[0m
  ↳ bin/rails:9
  [1m[35m (0.3ms)[0m  [1m[34mSELECT "schema_migrations"."version" FROM "schema_migrations" ORDER BY "schema_migrations"."version" ASC[0m
  ↳ bin/rails:9
  [1m[35m (0.7ms)[0m  [1m[34mSELECT "schema_migrations"."version" FROM "schema_migrations" ORDER BY "schema_migrations"."version" ASC[0m
  ↳ bin/rails:9
  [1m[36mExperience Load (0.7ms)[0m  [1m[34mSELECT "experiences".* FROM "experiences"[0m
  ↳ db/seeds.rb:10
  [1m[36mUser Load (1.2ms)[0m  [1m[34mSELECT "users".* FROM "users"[0m
  ↳ db/seeds.rb:11
  [1m[35m (0.2ms)[0m  [1m[35mBEGIN[0m
  ↳ db/seeds.rb:12
  [1m[36mExperience Create (0.7ms)[0m  [1m[32mINSERT INTO "experiences" ("level", "created_at", "updated_at") VALUES ($1, $2, $3) RETURNING "id"[0m  [["level", "beginner"], ["created_at", "2018-11-02 20:45:07.224533"], ["updated_at", "2018-11-02 20:45:07.224533"]]
  ↳ db/seeds.rb:12
  [1m[35m (39.8ms)[0m  [1m[35mCOMMIT[0m
  ↳ db/seeds.rb:12
  [1m[35m (0.2ms)[0m  [1m[35mBEGIN[0m
  ↳ db/seeds.rb:12
  [1m[36mExperience Create (0.5ms)[0m  [1m[32mINSERT INTO "experiences" ("level", "created_at", "updated_at") VALUES ($1, $2, $3) RETURNING "id"[0m  [["level", "intermediate"], ["created_at", "2018-11-02 20:45:07.267676"], ["updated_at", "2018-11-02 20:45:07.267676"]]
  ↳ db/seeds.rb:12
  [1m[35m (0.5ms)[0m  [1m[35mCOMMIT[0m
  ↳ db/seeds.rb:12
  [1m[35m (0.1ms)[0m  [1m[35mBEGIN[0m
  ↳ db/seeds.rb:12
  [1m[36mExperience Create (0.4ms)[0m  [1m[32mINSERT INTO "experiences" ("level", "created_at", "updated_at") VALUES ($1, $2, $3) RETURNING "id"[0m  [["level", "advanced"], ["created_at", "2018-11-02 20:45:07.270183"], ["updated_at", "2018-11-02 20:45:07.270183"]]
  ↳ db/seeds.rb:12
  [1m[35m (0.5ms)[0m  [1m[35mCOMMIT[0m
  ↳ db/seeds.rb:12
  [1m[35m (0.8ms)[0m  [1m[34mSELECT "schema_migrations"."version" FROM "schema_migrations" ORDER BY "schema_migrations"."version" ASC[0m
  ↳ bin/rails:9
  [1m[36mExperience Load (0.7ms)[0m  [1m[34mSELECT "experiences".* FROM "experiences"[0m
  ↳ db/seeds.rb:10
  [1m[35m (0.3ms)[0m  [1m[35mBEGIN[0m
  ↳ db/seeds.rb:10
  [1m[36mExperience Destroy (57.2ms)[0m  [1m[31mDELETE FROM "experiences" WHERE "experiences"."id" = $1[0m  [["id", 1]]
  ↳ db/seeds.rb:10
  [1m[35m (0.7ms)[0m  [1m[35mCOMMIT[0m
  ↳ db/seeds.rb:10
  [1m[35m (0.2ms)[0m  [1m[35mBEGIN[0m
  ↳ db/seeds.rb:10
  [1m[36mExperience Destroy (0.6ms)[0m  [1m[31mDELETE FROM "experiences" WHERE "experiences"."id" = $1[0m  [["id", 2]]
  ↳ db/seeds.rb:10
  [1m[35m (1.0ms)[0m  [1m[35mCOMMIT[0m
  ↳ db/seeds.rb:10
  [1m[35m (0.2ms)[0m  [1m[35mBEGIN[0m
  ↳ db/seeds.rb:10
  [1m[36mExperience Destroy (0.6ms)[0m  [1m[31mDELETE FROM "experiences" WHERE "experiences"."id" = $1[0m  [["id", 3]]
  ↳ db/seeds.rb:10
  [1m[35m (0.5ms)[0m  [1m[35mCOMMIT[0m
  ↳ db/seeds.rb:10
  [1m[36mUser Load (0.4ms)[0m  [1m[34mSELECT "users".* FROM "users"[0m
  ↳ db/seeds.rb:11
  [1m[35m (0.2ms)[0m  [1m[35mBEGIN[0m
  ↳ db/seeds.rb:12
  [1m[36mExperience Create (0.5ms)[0m  [1m[32mINSERT INTO "experiences" ("level", "created_at", "updated_at") VALUES ($1, $2, $3) RETURNING "id"[0m  [["level", "beginner"], ["created_at", "2018-11-02 20:45:30.805321"], ["updated_at", "2018-11-02 20:45:30.805321"]]
  ↳ db/seeds.rb:12
  [1m[35m (0.5ms)[0m  [1m[35mCOMMIT[0m
  ↳ db/seeds.rb:12
  [1m[35m (0.1ms)[0m  [1m[35mBEGIN[0m
  ↳ db/seeds.rb:12
  [1m[36mExperience Create (0.7ms)[0m  [1m[32mINSERT INTO "experiences" ("level", "created_at", "updated_at") VALUES ($1, $2, $3) RETURNING "id"[0m  [["level", "intermediate"], ["created_at", "2018-11-02 20:45:30.808057"], ["updated_at", "2018-11-02 20:45:30.808057"]]
  ↳ db/seeds.rb:12
  [1m[35m (0.5ms)[0m  [1m[35mCOMMIT[0m
  ↳ db/seeds.rb:12
  [1m[35m (0.1ms)[0m  [1m[35mBEGIN[0m
  ↳ db/seeds.rb:12
  [1m[36mExperience Create (0.3ms)[0m  [1m[32mINSERT INTO "experiences" ("level", "created_at", "updated_at") VALUES ($1, $2, $3) RETURNING "id"[0m  [["level", "advanced"], ["created_at", "2018-11-02 20:45:30.812118"], ["updated_at", "2018-11-02 20:45:30.812118"]]
  ↳ db/seeds.rb:12
  [1m[35m (0.4ms)[0m  [1m[35mCOMMIT[0m
  ↳ db/seeds.rb:12
  [1m[35m (0.7ms)[0m  [1m[34mSELECT "schema_migrations"."version" FROM "schema_migrations" ORDER BY "schema_migrations"."version" ASC[0m
  ↳ bin/rails:9
  [1m[36mExperience Load (0.6ms)[0m  [1m[34mSELECT "experiences".* FROM "experiences"[0m
  ↳ db/seeds.rb:10
  [1m[35m (0.4ms)[0m  [1m[35mBEGIN[0m
  ↳ db/seeds.rb:10
  [1m[36mExperience Destroy (1.5ms)[0m  [1m[31mDELETE FROM "experiences" WHERE "experiences"."id" = $1[0m  [["id", 4]]
  ↳ db/seeds.rb:10
  [1m[35m (0.6ms)[0m  [1m[35mCOMMIT[0m
  ↳ db/seeds.rb:10
  [1m[35m (0.1ms)[0m  [1m[35mBEGIN[0m
  ↳ db/seeds.rb:10
  [1m[36mExperience Destroy (0.5ms)[0m  [1m[31mDELETE FROM "experiences" WHERE "experiences"."id" = $1[0m  [["id", 5]]
  ↳ db/seeds.rb:10
  [1m[35m (3.5ms)[0m  [1m[35mCOMMIT[0m
  ↳ db/seeds.rb:10
  [1m[35m (0.2ms)[0m  [1m[35mBEGIN[0m
  ↳ db/seeds.rb:10
  [1m[36mExperience Destroy (0.5ms)[0m  [1m[31mDELETE FROM "experiences" WHERE "experiences"."id" = $1[0m  [["id", 6]]
  ↳ db/seeds.rb:10
  [1m[35m (0.6ms)[0m  [1m[35mCOMMIT[0m
  ↳ db/seeds.rb:10
  [1m[36mUser Load (0.4ms)[0m  [1m[34mSELECT "users".* FROM "users"[0m
  ↳ db/seeds.rb:11
  [1m[35m (0.2ms)[0m  [1m[35mBEGIN[0m
  ↳ db/seeds.rb:12
  [1m[36mExperience Create (0.4ms)[0m  [1m[32mINSERT INTO "experiences" ("level", "created_at", "updated_at") VALUES ($1, $2, $3) RETURNING "id"[0m  [["level", "beginner"], ["created_at", "2018-11-02 20:45:51.898882"], ["updated_at", "2018-11-02 20:45:51.898882"]]
  ↳ db/seeds.rb:12
  [1m[35m (0.5ms)[0m  [1m[35mCOMMIT[0m
  ↳ db/seeds.rb:12
  [1m[35m (0.1ms)[0m  [1m[35mBEGIN[0m
  ↳ db/seeds.rb:12
  [1m[36mExperience Create (0.3ms)[0m  [1m[32mINSERT INTO "experiences" ("level", "created_at", "updated_at") VALUES ($1, $2, $3) RETURNING "id"[0m  [["level", "intermediate"], ["created_at", "2018-11-02 20:45:51.901478"], ["updated_at", "2018-11-02 20:45:51.901478"]]
  ↳ db/seeds.rb:12
  [1m[35m (0.4ms)[0m  [1m[35mCOMMIT[0m
  ↳ db/seeds.rb:12
  [1m[35m (0.1ms)[0m  [1m[35mBEGIN[0m
  ↳ db/seeds.rb:12
  [1m[36mExperience Create (0.3ms)[0m  [1m[32mINSERT INTO "experiences" ("level", "created_at", "updated_at") VALUES ($1, $2, $3) RETURNING "id"[0m  [["level", "advanced"], ["created_at", "2018-11-02 20:45:51.903519"], ["updated_at", "2018-11-02 20:45:51.903519"]]
  ↳ db/seeds.rb:12
  [1m[35m (0.4ms)[0m  [1m[35mCOMMIT[0m
  ↳ db/seeds.rb:12
  [1m[35m (0.2ms)[0m  [1m[35mBEGIN[0m
  ↳ db/seeds.rb:19
  [1m[36mExperience Load (0.3ms)[0m  [1m[34mSELECT  "experiences".* FROM "experiences" WHERE "experiences"."id" = $1 LIMIT $2[0m  [["id", 3], ["LIMIT", 1]]
  ↳ db/seeds.rb:19
  [1m[35m (0.4ms)[0m  [1m[31mROLLBACK[0m
  ↳ db/seeds.rb:19
  [1m[35m (0.2ms)[0m  [1m[35mBEGIN[0m
  ↳ db/seeds.rb:19
  [1m[36mExperience Load (0.3ms)[0m  [1m[34mSELECT  "experiences".* FROM "experiences" WHERE "experiences"."id" = $1 LIMIT $2[0m  [["id", 2], ["LIMIT", 1]]
  ↳ db/seeds.rb:19
  [1m[35m (0.2ms)[0m  [1m[31mROLLBACK[0m
  ↳ db/seeds.rb:19
  [1m[35m (0.2ms)[0m  [1m[35mBEGIN[0m
  ↳ db/seeds.rb:19
  [1m[36mExperience Load (0.3ms)[0m  [1m[34mSELECT  "experiences".* FROM "experiences" WHERE "experiences"."id" = $1 LIMIT $2[0m  [["id", 1], ["LIMIT", 1]]
  ↳ db/seeds.rb:19
  [1m[35m (0.2ms)[0m  [1m[31mROLLBACK[0m
  ↳ db/seeds.rb:19
  [1m[35m (0.5ms)[0m  [1m[34mSELECT COUNT(*) FROM "users"[0m
  ↳ db/seeds.rb:49
  [1m[35m (18.5ms)[0m  [1m[34mSELECT COUNT(*) FROM "experiences"[0m
  ↳ db/seeds.rb:49
  [1m[36mUser Load (0.9ms)[0m  [1m[34mSELECT  "users".* FROM "users" ORDER BY "users"."id" ASC LIMIT $1[0m  [["LIMIT", 1]]
  [1m[36mUser Load (0.6ms)[0m  [1m[34mSELECT  "users".* FROM "users" ORDER BY "users"."id" ASC LIMIT $1[0m  [["LIMIT", 1]]
  [1m[35m (0.7ms)[0m  [1m[35mCREATE DATABASE "react-on-rails_development" ENCODING = 'unicode'[0m
  ↳ bin/rails:9
  [1m[35m (0.7ms)[0m  [1m[35mCREATE DATABASE "react-on-rails_test" ENCODING = 'unicode'[0m
  ↳ bin/rails:9
  [1m[35m (0.7ms)[0m  [1m[34mSELECT "schema_migrations"."version" FROM "schema_migrations" ORDER BY "schema_migrations"."version" ASC[0m
  ↳ bin/rails:9
  [1m[35m (0.6ms)[0m  [1m[34mSELECT "ar_internal_metadata"."value" FROM "ar_internal_metadata" WHERE "ar_internal_metadata"."key" = $1[0m  [["key", "environment"]]
  ↳ bin/rails:9
  [1m[35m (0.3ms)[0m  [1m[34mSELECT "schema_migrations"."version" FROM "schema_migrations" ORDER BY "schema_migrations"."version" ASC[0m
  ↳ bin/rails:9
  [1m[35m (0.3ms)[0m  [1m[34mSELECT "ar_internal_metadata"."value" FROM "ar_internal_metadata" WHERE "ar_internal_metadata"."key" = $1[0m  [["key", "environment"]]
  ↳ bin/rails:9
  [1m[35m (0.2ms)[0m  [1m[34mSELECT "schema_migrations"."version" FROM "schema_migrations" ORDER BY "schema_migrations"."version" ASC[0m
  ↳ bin/rails:9
  [1m[35m (0.2ms)[0m  [1m[34mSELECT "ar_internal_metadata"."value" FROM "ar_internal_metadata" WHERE "ar_internal_metadata"."key" = $1[0m  [["key", "environment"]]
  ↳ bin/rails:9
  [1m[35mSQL (0.8ms)[0m  [1m[35mCREATE EXTENSION IF NOT EXISTS "plpgsql"[0m
  ↳ db/schema.rb:16
  [1m[35m (44.1ms)[0m  [1m[35mDROP TABLE IF EXISTS "experiences" CASCADE[0m
  ↳ db/schema.rb:18
  [1m[35m (6.6ms)[0m  [1m[35mCREATE TABLE "experiences" ("id" bigserial primary key, "level" character varying, "created_at" timestamp NOT NULL, "updated_at" timestamp NOT NULL)[0m
  ↳ db/schema.rb:18
  [1m[35m (3.1ms)[0m  [1m[35mDROP TABLE IF EXISTS "users" CASCADE[0m
  ↳ db/schema.rb:24
  [1m[35m (4.3ms)[0m  [1m[35mCREATE TABLE "users" ("id" bigserial primary key, "username" character varying, "email" character varying, "tel" character varying, "password_digest" character varying, "contact" boolean, "location" integer, "experience_id" bigint, "created_at" timestamp NOT NULL, "updated_at" timestamp NOT NULL)[0m
  ↳ db/schema.rb:24
  [1m[35m (1.8ms)[0m  [1m[35mCREATE UNIQUE INDEX  "index_users_on_email" ON "users"  ("email")[0m
  ↳ db/schema.rb:24
  [1m[35m (1.3ms)[0m  [1m[35mCREATE  INDEX  "index_users_on_experience_id" ON "users"  ("experience_id")[0m
  ↳ db/schema.rb:24
  [1m[35m (1.2ms)[0m  [1m[35mCREATE  INDEX  "index_users_on_location" ON "users"  ("location")[0m
  ↳ db/schema.rb:24
  [1m[35m (1.2ms)[0m  [1m[35mCREATE UNIQUE INDEX  "index_users_on_tel" ON "users"  ("tel")[0m
  ↳ db/schema.rb:24
  [1m[35m (1.6ms)[0m  [1m[35mCREATE UNIQUE INDEX  "index_users_on_username" ON "users"  ("username")[0m
  ↳ db/schema.rb:24
  [1m[35m (2.4ms)[0m  [1m[35mALTER TABLE "users" ADD CONSTRAINT "fk_rails_46a4059aa1"
FOREIGN KEY ("experience_id")
  REFERENCES "experiences" ("id")
[0m
  ↳ db/schema.rb:41
  [1m[35m (0.6ms)[0m  [1m[34mSELECT "schema_migrations"."version" FROM "schema_migrations" ORDER BY "schema_migrations"."version" ASC[0m
  ↳ db/schema.rb:13
  [1m[36mActiveRecord::InternalMetadata Load (0.7ms)[0m  [1m[34mSELECT  "ar_internal_metadata".* FROM "ar_internal_metadata" WHERE "ar_internal_metadata"."key" = $1 LIMIT $2[0m  [["key", "environment"], ["LIMIT", 1]]
  ↳ db/schema.rb:13
  [1m[35m (0.2ms)[0m  [1m[35mBEGIN[0m
  ↳ db/schema.rb:13
  [1m[35m (0.2ms)[0m  [1m[35mCOMMIT[0m
  ↳ db/schema.rb:13
  [1m[36mActiveRecord::InternalMetadata Load (0.3ms)[0m  [1m[34mSELECT  "ar_internal_metadata".* FROM "ar_internal_metadata" WHERE "ar_internal_metadata"."key" = $1 LIMIT $2[0m  [["key", "environment"], ["LIMIT", 1]]
  ↳ bin/rails:9
  [1m[35m (0.3ms)[0m  [1m[35mBEGIN[0m
  ↳ bin/rails:9
  [1m[35m (0.1ms)[0m  [1m[35mCOMMIT[0m
  ↳ bin/rails:9
  [1m[35mSQL (0.4ms)[0m  [1m[35mCREATE EXTENSION IF NOT EXISTS "plpgsql"[0m
  ↳ db/schema.rb:16
  [1m[35m (0.3ms)[0m  [1m[35mDROP TABLE IF EXISTS "experiences" CASCADE[0m
  ↳ db/schema.rb:18
  [1m[35m (8.9ms)[0m  [1m[35mCREATE TABLE "experiences" ("id" bigserial primary key, "level" character varying, "created_at" timestamp NOT NULL, "updated_at" timestamp NOT NULL)[0m
  ↳ db/schema.rb:18
  [1m[35m (0.3ms)[0m  [1m[35mDROP TABLE IF EXISTS "users" CASCADE[0m
  ↳ db/schema.rb:24
  [1m[35m (4.5ms)[0m  [1m[35mCREATE TABLE "users" ("id" bigserial primary key, "username" character varying, "email" character varying, "tel" character varying, "password_digest" character varying, "contact" boolean, "location" integer, "experience_id" bigint, "created_at" timestamp NOT NULL, "updated_at" timestamp NOT NULL)[0m
  ↳ db/schema.rb:24
  [1m[35m (1.5ms)[0m  [1m[35mCREATE UNIQUE INDEX  "index_users_on_email" ON "users"  ("email")[0m
  ↳ db/schema.rb:24
  [1m[35m (1.3ms)[0m  [1m[35mCREATE  INDEX  "index_users_on_experience_id" ON "users"  ("experience_id")[0m
  ↳ db/schema.rb:24
  [1m[35m (1.4ms)[0m  [1m[35mCREATE  INDEX  "index_users_on_location" ON "users"  ("location")[0m
  ↳ db/schema.rb:24
  [1m[35m (1.4ms)[0m  [1m[35mCREATE UNIQUE INDEX  "index_users_on_tel" ON "users"  ("tel")[0m
  ↳ db/schema.rb:24
  [1m[35m (1.3ms)[0m  [1m[35mCREATE UNIQUE INDEX  "index_users_on_username" ON "users"  ("username")[0m
  ↳ db/schema.rb:24
  [1m[35m (4.1ms)[0m  [1m[35mALTER TABLE "users" ADD CONSTRAINT "fk_rails_46a4059aa1"
FOREIGN KEY ("experience_id")
  REFERENCES "experiences" ("id")
[0m
  ↳ db/schema.rb:41
  [1m[35m (4.3ms)[0m  [1m[35mCREATE TABLE "schema_migrations" ("version" character varying NOT NULL PRIMARY KEY)[0m
  ↳ db/schema.rb:13
  [1m[35m (0.9ms)[0m  [1m[34mSELECT "schema_migrations"."version" FROM "schema_migrations" ORDER BY "schema_migrations"."version" ASC[0m
  ↳ db/schema.rb:13
  [1m[35m (0.9ms)[0m  [1m[32mINSERT INTO "schema_migrations" (version) VALUES (20181102203608)[0m
  ↳ db/schema.rb:13
  [1m[35m (1.0ms)[0m  [1m[32mINSERT INTO "schema_migrations" (version) VALUES
(20181102203021);

[0m
  ↳ db/schema.rb:13
  [1m[35m (2.7ms)[0m  [1m[35mCREATE TABLE "ar_internal_metadata" ("key" character varying NOT NULL PRIMARY KEY, "value" character varying, "created_at" timestamp NOT NULL, "updated_at" timestamp NOT NULL)[0m
  ↳ db/schema.rb:13
  [1m[36mActiveRecord::InternalMetadata Load (0.4ms)[0m  [1m[34mSELECT  "ar_internal_metadata".* FROM "ar_internal_metadata" WHERE "ar_internal_metadata"."key" = $1 LIMIT $2[0m  [["key", "environment"], ["LIMIT", 1]]
  ↳ db/schema.rb:13
  [1m[35m (0.2ms)[0m  [1m[35mBEGIN[0m
  ↳ db/schema.rb:13
  [1m[36mActiveRecord::InternalMetadata Create (0.5ms)[0m  [1m[32mINSERT INTO "ar_internal_metadata" ("key", "value", "created_at", "updated_at") VALUES ($1, $2, $3, $4) RETURNING "key"[0m  [["key", "environment"], ["value", "development"], ["created_at", "2018-11-02 20:48:02.235347"], ["updated_at", "2018-11-02 20:48:02.235347"]]
  ↳ db/schema.rb:13
  [1m[35m (0.4ms)[0m  [1m[35mCOMMIT[0m
  ↳ db/schema.rb:13
  [1m[36mActiveRecord::InternalMetadata Load (0.3ms)[0m  [1m[34mSELECT  "ar_internal_metadata".* FROM "ar_internal_metadata" WHERE "ar_internal_metadata"."key" = $1 LIMIT $2[0m  [["key", "environment"], ["LIMIT", 1]]
  ↳ bin/rails:9
  [1m[35m (0.1ms)[0m  [1m[35mBEGIN[0m
  ↳ bin/rails:9
  [1m[36mActiveRecord::InternalMetadata Update (0.4ms)[0m  [1m[33mUPDATE "ar_internal_metadata" SET "value" = $1, "updated_at" = $2 WHERE "ar_internal_metadata"."key" = $3[0m  [["value", "test"], ["updated_at", "2018-11-02 20:48:02.239909"], ["key", "environment"]]
  ↳ bin/rails:9
  [1m[35m (0.5ms)[0m  [1m[35mCOMMIT[0m
  ↳ bin/rails:9
  [1m[35m (0.9ms)[0m  [1m[34mSELECT "schema_migrations"."version" FROM "schema_migrations" ORDER BY "schema_migrations"."version" ASC[0m
  ↳ bin/rails:9
  [1m[36mExperience Load (0.8ms)[0m  [1m[34mSELECT "experiences".* FROM "experiences"[0m
  ↳ db/seeds.rb:10
  [1m[36mUser Load (1.3ms)[0m  [1m[34mSELECT "users".* FROM "users"[0m
  ↳ db/seeds.rb:11
  [1m[35m (0.3ms)[0m  [1m[35mBEGIN[0m
  ↳ db/seeds.rb:12
  [1m[36mExperience Create (0.8ms)[0m  [1m[32mINSERT INTO "experiences" ("level", "created_at", "updated_at") VALUES ($1, $2, $3) RETURNING "id"[0m  [["level", "beginner"], ["created_at", "2018-11-02 20:48:02.293846"], ["updated_at", "2018-11-02 20:48:02.293846"]]
  ↳ db/seeds.rb:12
  [1m[35m (0.6ms)[0m  [1m[35mCOMMIT[0m
  ↳ db/seeds.rb:12
  [1m[35m (0.1ms)[0m  [1m[35mBEGIN[0m
  ↳ db/seeds.rb:12
  [1m[36mExperience Create (0.3ms)[0m  [1m[32mINSERT INTO "experiences" ("level", "created_at", "updated_at") VALUES ($1, $2, $3) RETURNING "id"[0m  [["level", "intermediate"], ["created_at", "2018-11-02 20:48:02.296975"], ["updated_at", "2018-11-02 20:48:02.296975"]]
  ↳ db/seeds.rb:12
  [1m[35m (0.5ms)[0m  [1m[35mCOMMIT[0m
  ↳ db/seeds.rb:12
  [1m[35m (0.1ms)[0m  [1m[35mBEGIN[0m
  ↳ db/seeds.rb:12
  [1m[36mExperience Create (0.3ms)[0m  [1m[32mINSERT INTO "experiences" ("level", "created_at", "updated_at") VALUES ($1, $2, $3) RETURNING "id"[0m  [["level", "advanced"], ["created_at", "2018-11-02 20:48:02.299254"], ["updated_at", "2018-11-02 20:48:02.299254"]]
  ↳ db/seeds.rb:12
  [1m[35m (0.5ms)[0m  [1m[35mCOMMIT[0m
  ↳ db/seeds.rb:12
  [1m[35m (0.3ms)[0m  [1m[35mBEGIN[0m
  ↳ db/seeds.rb:19
  [1m[36mExperience Load (0.3ms)[0m  [1m[34mSELECT  "experiences".* FROM "experiences" WHERE "experiences"."id" = $1 LIMIT $2[0m  [["id", 3], ["LIMIT", 1]]
  ↳ db/seeds.rb:19
  [1m[36mUser Create (1.1ms)[0m  [1m[32mINSERT INTO "users" ("username", "email", "tel", "password_digest", "contact", "experience_id", "created_at", "updated_at") VALUES ($1, $2, $3, $4, $5, $6, $7, $8) RETURNING "id"[0m  [["username", "misha"], ["email", "mcholzman1@gmail.com"], ["tel", "212-999-9999"], ["password_digest", "$2a$10$LxEvURCi.RTeaVUsm0qLpe0kB04BSvRiX7YYaugCSFnJWMl35KhC."], ["contact", true], ["experience_id", 3], ["created_at", "2018-11-02 20:48:02.399832"], ["updated_at", "2018-11-02 20:48:02.399832"]]
  ↳ db/seeds.rb:19
  [1m[35m (0.6ms)[0m  [1m[35mCOMMIT[0m
  ↳ db/seeds.rb:19
  [1m[35m (0.4ms)[0m  [1m[35mBEGIN[0m
  ↳ db/seeds.rb:19
  [1m[36mExperience Load (0.4ms)[0m  [1m[34mSELECT  "experiences".* FROM "experiences" WHERE "experiences"."id" = $1 LIMIT $2[0m  [["id", 2], ["LIMIT", 1]]
  ↳ db/seeds.rb:19
  [1m[36mUser Create (0.6ms)[0m  [1m[32mINSERT INTO "users" ("username", "email", "tel", "password_digest", "contact", "experience_id", "created_at", "updated_at") VALUES ($1, $2, $3, $4, $5, $6, $7, $8) RETURNING "id"[0m  [["username", "shaun"], ["email", "shaun@gmail.com"], ["tel", "212-888-8888"], ["password_digest", "$2a$10$Ik.F/cto9ELlsKIQVSJOGe76OWN7pAkL1XeoLyNuZ18hOR/jF/Jf."], ["contact", true], ["experience_id", 2], ["created_at", "2018-11-02 20:48:02.484053"], ["updated_at", "2018-11-02 20:48:02.484053"]]
  ↳ db/seeds.rb:19
  [1m[35m (0.5ms)[0m  [1m[35mCOMMIT[0m
  ↳ db/seeds.rb:19
  [1m[35m (0.2ms)[0m  [1m[35mBEGIN[0m
  ↳ db/seeds.rb:19
  [1m[36mExperience Load (0.3ms)[0m  [1m[34mSELECT  "experiences".* FROM "experiences" WHERE "experiences"."id" = $1 LIMIT $2[0m  [["id", 1], ["LIMIT", 1]]
  ↳ db/seeds.rb:19
  [1m[36mUser Create (0.5ms)[0m  [1m[32mINSERT INTO "users" ("username", "email", "tel", "password_digest", "contact", "experience_id", "created_at", "updated_at") VALUES ($1, $2, $3, $4, $5, $6, $7, $8) RETURNING "id"[0m  [["username", "brian"], ["email", "brian@gmail.com"], ["tel", "212-777-7777"], ["password_digest", "$2a$10$K5ytHAqj0ckhjWhP9Qtq.OufvTUjOeHbHsS3AxqC31axulu8zqxzy"], ["contact", false], ["experience_id", 1], ["created_at", "2018-11-02 20:48:02.566660"], ["updated_at", "2018-11-02 20:48:02.566660"]]
  ↳ db/seeds.rb:19
  [1m[35m (0.5ms)[0m  [1m[35mCOMMIT[0m
  ↳ db/seeds.rb:19
  [1m[35m (0.4ms)[0m  [1m[34mSELECT COUNT(*) FROM "users"[0m
  ↳ db/seeds.rb:49
  [1m[35m (0.2ms)[0m  [1m[34mSELECT COUNT(*) FROM "experiences"[0m
  ↳ db/seeds.rb:49
  [1m[36mUser Load (0.8ms)[0m  [1m[34mSELECT  "users".* FROM "users" ORDER BY "users"."id" ASC LIMIT $1[0m  [["LIMIT", 1]]
  [1m[36mUser Load (0.8ms)[0m  [1m[34mSELECT  "users".* FROM "users" ORDER BY "users"."id" ASC LIMIT $1[0m  [["LIMIT", 1]]
  [1m[36mExperience Load (0.6ms)[0m  [1m[34mSELECT  "experiences".* FROM "experiences" WHERE "experiences"."id" = $1 LIMIT $2[0m  [["id", 3], ["LIMIT", 1]]
  [1m[36mUser Load (0.5ms)[0m  [1m[34mSELECT  "users".* FROM "users" ORDER BY "users"."id" ASC LIMIT $1[0m  [["LIMIT", 1]]
  [1m[36mExperience Load (0.4ms)[0m  [1m[34mSELECT  "experiences".* FROM "experiences" WHERE "experiences"."id" = $1 LIMIT $2[0m  [["id", 3], ["LIMIT", 1]]
  [1m[36mUser Load (1.0ms)[0m  [1m[34mSELECT  "users".* FROM "users" ORDER BY "users"."id" ASC LIMIT $1[0m  [["LIMIT", 1]]
Started POST "/auth/login" for 127.0.0.1 at 2018-11-02 17:17:29 -0400
  [1m[35m (0.9ms)[0m  [1m[34mSELECT "schema_migrations"."version" FROM "schema_migrations" ORDER BY "schema_migrations"."version" ASC[0m
  ↳ /usr/local/lib/ruby/gems/2.5.0/gems/activerecord-5.2.1/lib/active_record/log_subscriber.rb:98
Processing by UsersController#login as */*
  Parameters: {"username"=>"misha", "email"=>"mcholzman1@gmail.com", "password"=>"[FILTERED]"}
  [1m[36mUser Load (0.9ms)[0m  [1m[34mSELECT  "users".* FROM "users" WHERE "users"."email" = $1 LIMIT $2[0m  [["email", "mcholzman1@gmail.com"], ["LIMIT", 1]]
  ↳ app/commands/authenticate_user.rb:21
  [1m[36mUser Load (0.9ms)[0m  [1m[34mSELECT  "users".* FROM "users" WHERE "users"."email" = $1 LIMIT $2[0m  [["email", "mcholzman1@gmail.com"], ["LIMIT", 1]]
  ↳ app/commands/authenticate_user.rb:21
Completed 200 OK in 181ms (Views: 0.4ms | ActiveRecord: 7.2ms)


Started POST "/auth/login" for 127.0.0.1 at 2018-11-02 22:37:18 -0400
  [1m[35m (0.8ms)[0m  [1m[34mSELECT "schema_migrations"."version" FROM "schema_migrations" ORDER BY "schema_migrations"."version" ASC[0m
  ↳ /usr/local/lib/ruby/gems/2.5.0/gems/activerecord-5.2.1/lib/active_record/log_subscriber.rb:98
Processing by UsersController#login as */*
  Parameters: {"username"=>"misha", "email"=>"mcholzman1@gmail.com", "password"=>"[FILTERED]"}
  [1m[36mUser Load (1.4ms)[0m  [1m[34mSELECT  "users".* FROM "users" WHERE "users"."email" = $1 LIMIT $2[0m  [["email", "mcholzman1@gmail.com"], ["LIMIT", 1]]
  ↳ app/commands/authenticate_user.rb:21
  [1m[36mUser Load (0.5ms)[0m  [1m[34mSELECT  "users".* FROM "users" WHERE "users"."email" = $1 LIMIT $2[0m  [["email", "mcholzman1@gmail.com"], ["LIMIT", 1]]
  ↳ app/commands/authenticate_user.rb:21
Completed 200 OK in 223ms (Views: 0.3ms | ActiveRecord: 10.8ms)


Started POST "/auth/login" for 127.0.0.1 at 2018-11-02 22:41:35 -0400
  [1m[35m (1.2ms)[0m  [1m[34mSELECT "schema_migrations"."version" FROM "schema_migrations" ORDER BY "schema_migrations"."version" ASC[0m
  ↳ /usr/local/lib/ruby/gems/2.5.0/gems/activerecord-5.2.1/lib/active_record/log_subscriber.rb:98
Processing by UsersController#login as */*
  Parameters: {"username"=>"misha", "email"=>"mcholzman1@gmail.com", "password"=>"[FILTERED]"}
  [1m[36mUser Load (1.1ms)[0m  [1m[34mSELECT  "users".* FROM "users" WHERE "users"."email" = $1 LIMIT $2[0m  [["email", "mcholzman1@gmail.com"], ["LIMIT", 1]]
  ↳ app/commands/authenticate_user.rb:21
  [1m[36mUser Load (0.5ms)[0m  [1m[34mSELECT  "users".* FROM "users" WHERE "users"."email" = $1 LIMIT $2[0m  [["email", "mcholzman1@gmail.com"], ["LIMIT", 1]]
  ↳ app/commands/authenticate_user.rb:21
Completed 200 OK in 197ms (Views: 0.3ms | ActiveRecord: 10.4ms)


Started GET "/" for 127.0.0.1 at 2018-11-04 11:42:50 -0500
  [1m[35m (26.5ms)[0m  [1m[34mSELECT "schema_migrations"."version" FROM "schema_migrations" ORDER BY "schema_migrations"."version" ASC[0m
  ↳ /usr/local/lib/ruby/gems/2.5.0/gems/activerecord-5.2.1/lib/active_record/log_subscriber.rb:98
Processing by Rails::WelcomeController#index as HTML
  Rendering /usr/local/lib/ruby/gems/2.5.0/gems/railties-5.2.1/lib/rails/templates/rails/welcome/index.html.erb
  Rendered /usr/local/lib/ruby/gems/2.5.0/gems/railties-5.2.1/lib/rails/templates/rails/welcome/index.html.erb (6.1ms)
Completed 200 OK in 92ms (Views: 85.6ms | ActiveRecord: 0.0ms)


Started POST "/test" for 127.0.0.1 at 2018-11-04 11:43:18 -0500
  
ActionController::RoutingError (No route matches [POST] "/test"):
  
actionpack (5.2.1) lib/action_dispatch/middleware/debug_exceptions.rb:65:in `call'
web-console (3.7.0) lib/web_console/middleware.rb:135:in `call_app'
web-console (3.7.0) lib/web_console/middleware.rb:30:in `block in call'
web-console (3.7.0) lib/web_console/middleware.rb:20:in `catch'
web-console (3.7.0) lib/web_console/middleware.rb:20:in `call'
actionpack (5.2.1) lib/action_dispatch/middleware/show_exceptions.rb:33:in `call'
railties (5.2.1) lib/rails/rack/logger.rb:38:in `call_app'
railties (5.2.1) lib/rails/rack/logger.rb:26:in `block in call'
activesupport (5.2.1) lib/active_support/tagged_logging.rb:71:in `block in tagged'
activesupport (5.2.1) lib/active_support/tagged_logging.rb:28:in `tagged'
activesupport (5.2.1) lib/active_support/tagged_logging.rb:71:in `tagged'
railties (5.2.1) lib/rails/rack/logger.rb:26:in `call'
actionpack (5.2.1) lib/action_dispatch/middleware/remote_ip.rb:81:in `call'
actionpack (5.2.1) lib/action_dispatch/middleware/request_id.rb:27:in `call'
rack (2.0.5) lib/rack/runtime.rb:22:in `call'
activesupport (5.2.1) lib/active_support/cache/strategy/local_cache_middleware.rb:29:in `call'
actionpack (5.2.1) lib/action_dispatch/middleware/executor.rb:14:in `call'
actionpack (5.2.1) lib/action_dispatch/middleware/static.rb:127:in `call'
rack (2.0.5) lib/rack/sendfile.rb:111:in `call'
railties (5.2.1) lib/rails/engine.rb:524:in `call'
puma (3.12.0) lib/puma/configuration.rb:225:in `call'
puma (3.12.0) lib/puma/server.rb:658:in `handle_request'
puma (3.12.0) lib/puma/server.rb:472:in `process_client'
puma (3.12.0) lib/puma/server.rb:332:in `block in run'
puma (3.12.0) lib/puma/thread_pool.rb:133:in `block in spawn_thread'
Started GET "/test" for 127.0.0.1 at 2018-11-04 11:43:37 -0500
Processing by UsersController#index as */*
Filter chain halted as :authenticate_request rendered or redirected
Completed 401 Unauthorized in 58ms (Views: 0.2ms | ActiveRecord: 0.0ms)


Started GET "/auth/login" for 127.0.0.1 at 2018-11-04 11:43:46 -0500
  
ActionController::RoutingError (No route matches [GET] "/auth/login"):
  
actionpack (5.2.1) lib/action_dispatch/middleware/debug_exceptions.rb:65:in `call'
web-console (3.7.0) lib/web_console/middleware.rb:135:in `call_app'
web-console (3.7.0) lib/web_console/middleware.rb:30:in `block in call'
web-console (3.7.0) lib/web_console/middleware.rb:20:in `catch'
web-console (3.7.0) lib/web_console/middleware.rb:20:in `call'
actionpack (5.2.1) lib/action_dispatch/middleware/show_exceptions.rb:33:in `call'
railties (5.2.1) lib/rails/rack/logger.rb:38:in `call_app'
railties (5.2.1) lib/rails/rack/logger.rb:26:in `block in call'
activesupport (5.2.1) lib/active_support/tagged_logging.rb:71:in `block in tagged'
activesupport (5.2.1) lib/active_support/tagged_logging.rb:28:in `tagged'
activesupport (5.2.1) lib/active_support/tagged_logging.rb:71:in `tagged'
railties (5.2.1) lib/rails/rack/logger.rb:26:in `call'
actionpack (5.2.1) lib/action_dispatch/middleware/remote_ip.rb:81:in `call'
actionpack (5.2.1) lib/action_dispatch/middleware/request_id.rb:27:in `call'
rack (2.0.5) lib/rack/runtime.rb:22:in `call'
activesupport (5.2.1) lib/active_support/cache/strategy/local_cache_middleware.rb:29:in `call'
actionpack (5.2.1) lib/action_dispatch/middleware/executor.rb:14:in `call'
actionpack (5.2.1) lib/action_dispatch/middleware/static.rb:127:in `call'
rack (2.0.5) lib/rack/sendfile.rb:111:in `call'
railties (5.2.1) lib/rails/engine.rb:524:in `call'
puma (3.12.0) lib/puma/configuration.rb:225:in `call'
puma (3.12.0) lib/puma/server.rb:658:in `handle_request'
puma (3.12.0) lib/puma/server.rb:472:in `process_client'
puma (3.12.0) lib/puma/server.rb:332:in `block in run'
puma (3.12.0) lib/puma/thread_pool.rb:133:in `block in spawn_thread'
Started GET "/auth/login" for 127.0.0.1 at 2018-11-04 11:43:49 -0500
  
ActionController::RoutingError (No route matches [GET] "/auth/login"):
  
actionpack (5.2.1) lib/action_dispatch/middleware/debug_exceptions.rb:65:in `call'
web-console (3.7.0) lib/web_console/middleware.rb:135:in `call_app'
web-console (3.7.0) lib/web_console/middleware.rb:30:in `block in call'
web-console (3.7.0) lib/web_console/middleware.rb:20:in `catch'
web-console (3.7.0) lib/web_console/middleware.rb:20:in `call'
actionpack (5.2.1) lib/action_dispatch/middleware/show_exceptions.rb:33:in `call'
railties (5.2.1) lib/rails/rack/logger.rb:38:in `call_app'
railties (5.2.1) lib/rails/rack/logger.rb:26:in `block in call'
activesupport (5.2.1) lib/active_support/tagged_logging.rb:71:in `block in tagged'
activesupport (5.2.1) lib/active_support/tagged_logging.rb:28:in `tagged'
activesupport (5.2.1) lib/active_support/tagged_logging.rb:71:in `tagged'
railties (5.2.1) lib/rails/rack/logger.rb:26:in `call'
actionpack (5.2.1) lib/action_dispatch/middleware/remote_ip.rb:81:in `call'
actionpack (5.2.1) lib/action_dispatch/middleware/request_id.rb:27:in `call'
rack (2.0.5) lib/rack/runtime.rb:22:in `call'
activesupport (5.2.1) lib/active_support/cache/strategy/local_cache_middleware.rb:29:in `call'
actionpack (5.2.1) lib/action_dispatch/middleware/executor.rb:14:in `call'
actionpack (5.2.1) lib/action_dispatch/middleware/static.rb:127:in `call'
rack (2.0.5) lib/rack/sendfile.rb:111:in `call'
railties (5.2.1) lib/rails/engine.rb:524:in `call'
puma (3.12.0) lib/puma/configuration.rb:225:in `call'
puma (3.12.0) lib/puma/server.rb:658:in `handle_request'
puma (3.12.0) lib/puma/server.rb:472:in `process_client'
puma (3.12.0) lib/puma/server.rb:332:in `block in run'
puma (3.12.0) lib/puma/thread_pool.rb:133:in `block in spawn_thread'
Started GET "/test" for 127.0.0.1 at 2018-11-04 11:43:58 -0500
Processing by UsersController#index as */*
Filter chain halted as :authenticate_request rendered or redirected
Completed 401 Unauthorized in 1ms (Views: 0.2ms | ActiveRecord: 0.0ms)


Started GET "/test" for 127.0.0.1 at 2018-11-04 11:43:59 -0500
Processing by UsersController#index as */*
Filter chain halted as :authenticate_request rendered or redirected
Completed 401 Unauthorized in 1ms (Views: 0.2ms | ActiveRecord: 0.0ms)


Started GET "/test" for 127.0.0.1 at 2018-11-04 11:45:06 -0500
Processing by UsersController#index as */*
Filter chain halted as :authenticate_request rendered or redirected
Completed 401 Unauthorized in 1ms (Views: 0.3ms | ActiveRecord: 0.0ms)


Started GET "/auth/login" for 127.0.0.1 at 2018-11-04 11:45:49 -0500
  
ActionController::RoutingError (No route matches [GET] "/auth/login"):
  
actionpack (5.2.1) lib/action_dispatch/middleware/debug_exceptions.rb:65:in `call'
web-console (3.7.0) lib/web_console/middleware.rb:135:in `call_app'
web-console (3.7.0) lib/web_console/middleware.rb:30:in `block in call'
web-console (3.7.0) lib/web_console/middleware.rb:20:in `catch'
web-console (3.7.0) lib/web_console/middleware.rb:20:in `call'
actionpack (5.2.1) lib/action_dispatch/middleware/show_exceptions.rb:33:in `call'
railties (5.2.1) lib/rails/rack/logger.rb:38:in `call_app'
railties (5.2.1) lib/rails/rack/logger.rb:26:in `block in call'
activesupport (5.2.1) lib/active_support/tagged_logging.rb:71:in `block in tagged'
activesupport (5.2.1) lib/active_support/tagged_logging.rb:28:in `tagged'
activesupport (5.2.1) lib/active_support/tagged_logging.rb:71:in `tagged'
railties (5.2.1) lib/rails/rack/logger.rb:26:in `call'
actionpack (5.2.1) lib/action_dispatch/middleware/remote_ip.rb:81:in `call'
actionpack (5.2.1) lib/action_dispatch/middleware/request_id.rb:27:in `call'
rack (2.0.5) lib/rack/runtime.rb:22:in `call'
activesupport (5.2.1) lib/active_support/cache/strategy/local_cache_middleware.rb:29:in `call'
actionpack (5.2.1) lib/action_dispatch/middleware/executor.rb:14:in `call'
actionpack (5.2.1) lib/action_dispatch/middleware/static.rb:127:in `call'
rack (2.0.5) lib/rack/sendfile.rb:111:in `call'
railties (5.2.1) lib/rails/engine.rb:524:in `call'
puma (3.12.0) lib/puma/configuration.rb:225:in `call'
puma (3.12.0) lib/puma/server.rb:658:in `handle_request'
puma (3.12.0) lib/puma/server.rb:472:in `process_client'
puma (3.12.0) lib/puma/server.rb:332:in `block in run'
puma (3.12.0) lib/puma/thread_pool.rb:133:in `block in spawn_thread'
Started POST "/auth/login" for 127.0.0.1 at 2018-11-04 11:45:57 -0500
Processing by UsersController#login as */*
  Parameters: {"username"=>"misha", "email"=>"mcholzman1@gmail.com", "password"=>"[FILTERED]"}
  [1m[36mUser Load (1.0ms)[0m  [1m[34mSELECT  "users".* FROM "users" WHERE "users"."email" = $1 LIMIT $2[0m  [["email", "mcholzman1@gmail.com"], ["LIMIT", 1]]
  ↳ app/commands/authenticate_user.rb:21
  [1m[36mCACHE User Load (0.0ms)[0m  [1m[34mSELECT  "users".* FROM "users" WHERE "users"."email" = $1 LIMIT $2[0m  [["email", "mcholzman1@gmail.com"], ["LIMIT", 1]]
  ↳ app/commands/authenticate_user.rb:21
Completed 200 OK in 241ms (Views: 0.2ms | ActiveRecord: 7.1ms)


Started GET "/test" for 127.0.0.1 at 2018-11-04 11:46:47 -0500
Processing by UsersController#index as */*
  [1m[36mUser Load (0.4ms)[0m  [1m[34mSELECT  "users".* FROM "users" WHERE "users"."id" = $1 LIMIT $2[0m  [["id", 1], ["LIMIT", 1]]
  ↳ app/commands/authorize_api_request.rb:17
  [1m[36mUser Load (0.6ms)[0m  [1m[34mSELECT "users".* FROM "users"[0m
  ↳ app/controllers/users_controller.rb:21
Completed 200 OK in 37ms (Views: 3.1ms | ActiveRecord: 1.0ms)


Started GET "/" for 127.0.0.1 at 2018-11-04 12:49:30 -0500
  [1m[35m (0.8ms)[0m  [1m[34mSELECT "schema_migrations"."version" FROM "schema_migrations" ORDER BY "schema_migrations"."version" ASC[0m
  ↳ /usr/local/lib/ruby/gems/2.5.0/gems/activerecord-5.2.1/lib/active_record/log_subscriber.rb:98
Processing by Rails::WelcomeController#index as HTML
  Rendering /usr/local/lib/ruby/gems/2.5.0/gems/railties-5.2.1/lib/rails/templates/rails/welcome/index.html.erb
  Rendered /usr/local/lib/ruby/gems/2.5.0/gems/railties-5.2.1/lib/rails/templates/rails/welcome/index.html.erb (5.2ms)
Completed 200 OK in 53ms (Views: 48.1ms | ActiveRecord: 0.0ms)


Started POST "/auth/login" for 127.0.0.1 at 2018-11-04 12:55:46 -0500
  [1m[35m (0.8ms)[0m  [1m[34mSELECT "schema_migrations"."version" FROM "schema_migrations" ORDER BY "schema_migrations"."version" ASC[0m
  ↳ /usr/local/lib/ruby/gems/2.5.0/gems/activerecord-5.2.1/lib/active_record/log_subscriber.rb:98
Processing by UsersController#login as HTML
  Parameters: {"email"=>"mcholzman1@gmail.com", "password"=>"[FILTERED]", "user"=>{"email"=>"mcholzman1@gmail.com"}}
  [1m[36mUser Load (1.2ms)[0m  [1m[34mSELECT  "users".* FROM "users" WHERE "users"."email" = $1 LIMIT $2[0m  [["email", "mcholzman1@gmail.com"], ["LIMIT", 1]]
  ↳ app/commands/authenticate_user.rb:21
  [1m[36mUser Load (0.7ms)[0m  [1m[34mSELECT  "users".* FROM "users" WHERE "users"."email" = $1 LIMIT $2[0m  [["email", "mcholzman1@gmail.com"], ["LIMIT", 1]]
  ↳ app/commands/authenticate_user.rb:21
Completed 200 OK in 230ms (Views: 0.4ms | ActiveRecord: 7.9ms)


Started POST "/auth/login" for 127.0.0.1 at 2018-11-04 19:48:50 -0500
  [1m[35m (27.3ms)[0m  [1m[34mSELECT "schema_migrations"."version" FROM "schema_migrations" ORDER BY "schema_migrations"."version" ASC[0m
  ↳ /usr/local/lib/ruby/gems/2.5.0/gems/activerecord-5.2.1/lib/active_record/log_subscriber.rb:98
Processing by UsersController#login as */*
  Parameters: {"username"=>"misha", "email"=>"mcholzman1@gmail.com", "password"=>"[FILTERED]"}
  [1m[36mUser Load (0.8ms)[0m  [1m[34mSELECT  "users".* FROM "users" WHERE "users"."email" = $1 LIMIT $2[0m  [["email", "mcholzman1@gmail.com"], ["LIMIT", 1]]
  ↳ app/commands/authenticate_user.rb:21
  [1m[36mUser Load (0.6ms)[0m  [1m[34mSELECT  "users".* FROM "users" WHERE "users"."email" = $1 LIMIT $2[0m  [["email", "mcholzman1@gmail.com"], ["LIMIT", 1]]
  ↳ app/commands/authenticate_user.rb:21
Completed 200 OK in 299ms (Views: 0.3ms | ActiveRecord: 7.6ms)


Started GET "/test" for 127.0.0.1 at 2018-11-04 19:49:06 -0500
Processing by UsersController#index as */*
  [1m[36mUser Load (3.4ms)[0m  [1m[34mSELECT  "users".* FROM "users" WHERE "users"."id" = $1 LIMIT $2[0m  [["id", 1], ["LIMIT", 1]]
  ↳ app/commands/authorize_api_request.rb:17
  [1m[36mUser Load (1.7ms)[0m  [1m[34mSELECT "users".* FROM "users"[0m
  ↳ app/controllers/users_controller.rb:21
Completed 200 OK in 19ms (Views: 4.7ms | ActiveRecord: 5.4ms)


Started POST "/auth/login" for 127.0.0.1 at 2018-11-05 09:48:50 -0500
  [1m[35m (1.0ms)[0m  [1m[34mSELECT "schema_migrations"."version" FROM "schema_migrations" ORDER BY "schema_migrations"."version" ASC[0m
  ↳ /usr/local/lib/ruby/gems/2.5.0/gems/activerecord-5.2.1/lib/active_record/log_subscriber.rb:98
Processing by UsersController#login as HTML
  Parameters: {"email"=>"bigmisshh@gmail.com", "password"=>"[FILTERED]", "user"=>{"email"=>"bigmisshh@gmail.com"}}
  [1m[36mUser Load (1.0ms)[0m  [1m[34mSELECT  "users".* FROM "users" WHERE "users"."email" = $1 LIMIT $2[0m  [["email", "bigmisshh@gmail.com"], ["LIMIT", 1]]
  ↳ app/commands/authenticate_user.rb:21
Completed 401 Unauthorized in 13ms (Views: 0.7ms | ActiveRecord: 6.1ms)


Started POST "/auth/login" for 127.0.0.1 at 2018-11-05 09:49:10 -0500
Processing by UsersController#login as HTML
  Parameters: {"email"=>"bigmisshh@gmail.com", "password"=>"[FILTERED]", "user"=>{"email"=>"bigmisshh@gmail.com"}}
  [1m[36mUser Load (1.5ms)[0m  [1m[34mSELECT  "users".* FROM "users" WHERE "users"."email" = $1 LIMIT $2[0m  [["email", "bigmisshh@gmail.com"], ["LIMIT", 1]]
  ↳ app/commands/authenticate_user.rb:21
Completed 401 Unauthorized in 3ms (Views: 0.2ms | ActiveRecord: 1.5ms)


Started POST "/auth/login" for 127.0.0.1 at 2018-11-05 09:49:13 -0500
Processing by UsersController#login as HTML
  Parameters: {"email"=>"bigmisshh@gmail.com", "password"=>"[FILTERED]", "user"=>{"email"=>"bigmisshh@gmail.com"}}
  [1m[36mUser Load (0.7ms)[0m  [1m[34mSELECT  "users".* FROM "users" WHERE "users"."email" = $1 LIMIT $2[0m  [["email", "bigmisshh@gmail.com"], ["LIMIT", 1]]
  ↳ app/commands/authenticate_user.rb:21
Completed 401 Unauthorized in 2ms (Views: 0.3ms | ActiveRecord: 0.7ms)


Started POST "/auth/login" for 127.0.0.1 at 2018-11-05 09:49:51 -0500
Processing by UsersController#login as HTML
  Parameters: {"email"=>"bigmisshh@gmail.com", "password"=>"[FILTERED]", "user"=>{"email"=>"bigmisshh@gmail.com"}}
  [1m[36mUser Load (2.3ms)[0m  [1m[34mSELECT  "users".* FROM "users" WHERE "users"."email" = $1 LIMIT $2[0m  [["email", "bigmisshh@gmail.com"], ["LIMIT", 1]]
  ↳ app/commands/authenticate_user.rb:21
Completed 401 Unauthorized in 4ms (Views: 0.2ms | ActiveRecord: 2.3ms)


Started POST "/auth/login" for 127.0.0.1 at 2018-11-05 09:50:06 -0500
Processing by UsersController#login as HTML
  Parameters: {"email"=>"bigmisshh@gmail.com", "password"=>"[FILTERED]", "user"=>{"email"=>"bigmisshh@gmail.com"}}
  [1m[36mUser Load (0.7ms)[0m  [1m[34mSELECT  "users".* FROM "users" WHERE "users"."email" = $1 LIMIT $2[0m  [["email", "bigmisshh@gmail.com"], ["LIMIT", 1]]
  ↳ app/commands/authenticate_user.rb:21
Completed 401 Unauthorized in 3ms (Views: 0.5ms | ActiveRecord: 0.7ms)


Started POST "/auth/login" for 127.0.0.1 at 2018-11-05 09:50:10 -0500
Processing by UsersController#login as HTML
  Parameters: {"email"=>"bigmisshh@gmail.com", "password"=>"[FILTERED]", "user"=>{"email"=>"bigmisshh@gmail.com"}}
  [1m[36mUser Load (3.0ms)[0m  [1m[34mSELECT  "users".* FROM "users" WHERE "users"."email" = $1 LIMIT $2[0m  [["email", "bigmisshh@gmail.com"], ["LIMIT", 1]]
  ↳ app/commands/authenticate_user.rb:21
Completed 401 Unauthorized in 5ms (Views: 0.4ms | ActiveRecord: 3.0ms)


Started POST "/auth/login" for 127.0.0.1 at 2018-11-05 09:50:31 -0500
Processing by UsersController#login as */*
  Parameters: {"username"=>"misha", "email"=>"mcholzman1@gmail.com", "password"=>"[FILTERED]"}
  [1m[36mUser Load (20.4ms)[0m  [1m[34mSELECT  "users".* FROM "users" WHERE "users"."email" = $1 LIMIT $2[0m  [["email", "mcholzman1@gmail.com"], ["LIMIT", 1]]
  ↳ app/commands/authenticate_user.rb:21
  [1m[36mCACHE User Load (0.0ms)[0m  [1m[34mSELECT  "users".* FROM "users" WHERE "users"."email" = $1 LIMIT $2[0m  [["email", "mcholzman1@gmail.com"], ["LIMIT", 1]]
  ↳ app/commands/authenticate_user.rb:21
Completed 200 OK in 205ms (Views: 0.2ms | ActiveRecord: 24.5ms)


Started POST "/auth/login" for 127.0.0.1 at 2018-11-05 09:50:54 -0500
  [1m[35m (0.7ms)[0m  [1m[34mSELECT "schema_migrations"."version" FROM "schema_migrations" ORDER BY "schema_migrations"."version" ASC[0m
  ↳ /usr/local/lib/ruby/gems/2.5.0/gems/activerecord-5.2.1/lib/active_record/log_subscriber.rb:98
Processing by UsersController#login as HTML
  Parameters: {"email"=>"bigmisshh@gmail.com", "password"=>"[FILTERED]", "user"=>{"email"=>"bigmisshh@gmail.com"}}
  [1m[36mUser Load (0.7ms)[0m  [1m[34mSELECT  "users".* FROM "users" WHERE "users"."email" = $1 LIMIT $2[0m  [["email", "bigmisshh@gmail.com"], ["LIMIT", 1]]
  ↳ app/commands/authenticate_user.rb:21
Completed 401 Unauthorized in 8ms (Views: 0.5ms | ActiveRecord: 3.9ms)


Started POST "/auth/login" for 127.0.0.1 at 2018-11-05 09:52:22 -0500
Processing by UsersController#login as HTML
  Parameters: {"email"=>"mcholzman1@gmail.com", "password"=>"[FILTERED]", "user"=>{"email"=>"mcholzman1@gmail.com"}}
  [1m[36mUser Load (1.6ms)[0m  [1m[34mSELECT  "users".* FROM "users" WHERE "users"."email" = $1 LIMIT $2[0m  [["email", "mcholzman1@gmail.com"], ["LIMIT", 1]]
  ↳ app/commands/authenticate_user.rb:21
  [1m[36mCACHE User Load (0.0ms)[0m  [1m[34mSELECT  "users".* FROM "users" WHERE "users"."email" = $1 LIMIT $2[0m  [["email", "mcholzman1@gmail.com"], ["LIMIT", 1]]
  ↳ app/commands/authenticate_user.rb:21
Completed 200 OK in 177ms (Views: 0.2ms | ActiveRecord: 6.0ms)


Started POST "/auth/login" for 127.0.0.1 at 2018-11-05 10:35:12 -0500
  [1m[35m (1.0ms)[0m  [1m[34mSELECT "schema_migrations"."version" FROM "schema_migrations" ORDER BY "schema_migrations"."version" ASC[0m
  ↳ /usr/local/lib/ruby/gems/2.5.0/gems/activerecord-5.2.1/lib/active_record/log_subscriber.rb:98
Processing by UsersController#login as HTML
  Parameters: {"email"=>"mcholzman1@gmail.com", "password"=>"[FILTERED]", "user"=>{"email"=>"mcholzman1@gmail.com"}}
  [1m[36mUser Load (0.8ms)[0m  [1m[34mSELECT  "users".* FROM "users" WHERE "users"."email" = $1 LIMIT $2[0m  [["email", "mcholzman1@gmail.com"], ["LIMIT", 1]]
  ↳ app/commands/authenticate_user.rb:21
  [1m[36mUser Load (0.4ms)[0m  [1m[34mSELECT  "users".* FROM "users" WHERE "users"."email" = $1 LIMIT $2[0m  [["email", "mcholzman1@gmail.com"], ["LIMIT", 1]]
  ↳ app/commands/authenticate_user.rb:21
Completed 200 OK in 213ms (Views: 0.2ms | ActiveRecord: 6.6ms)


Started POST "/auth/login" for 127.0.0.1 at 2018-11-05 10:36:16 -0500
Processing by UsersController#login as HTML
  Parameters: {"email"=>"mcholzman1@gmail.com", "password"=>"[FILTERED]", "user"=>{"email"=>"mcholzman1@gmail.com"}}
  [1m[36mUser Load (1.6ms)[0m  [1m[34mSELECT  "users".* FROM "users" WHERE "users"."email" = $1 LIMIT $2[0m  [["email", "mcholzman1@gmail.com"], ["LIMIT", 1]]
  ↳ app/commands/authenticate_user.rb:21
  [1m[36mCACHE User Load (0.0ms)[0m  [1m[34mSELECT  "users".* FROM "users" WHERE "users"."email" = $1 LIMIT $2[0m  [["email", "mcholzman1@gmail.com"], ["LIMIT", 1]]
  ↳ app/commands/authenticate_user.rb:21
Completed 200 OK in 154ms (Views: 0.2ms | ActiveRecord: 1.7ms)


Started POST "/auth/login" for 127.0.0.1 at 2018-11-05 10:41:32 -0500
  [1m[35m (0.8ms)[0m  [1m[34mSELECT "schema_migrations"."version" FROM "schema_migrations" ORDER BY "schema_migrations"."version" ASC[0m
  ↳ /usr/local/lib/ruby/gems/2.5.0/gems/activerecord-5.2.1/lib/active_record/log_subscriber.rb:98
Processing by UsersController#login as HTML
  Parameters: {"email"=>"mcholzman1@gmail.com", "password"=>"[FILTERED]", "user"=>{"email"=>"mcholzman1@gmail.com"}}
  [1m[36mUser Load (0.9ms)[0m  [1m[34mSELECT  "users".* FROM "users" WHERE "users"."email" = $1 LIMIT $2[0m  [["email", "mcholzman1@gmail.com"], ["LIMIT", 1]]
  ↳ app/commands/authenticate_user.rb:21
  [1m[36mUser Load (0.4ms)[0m  [1m[34mSELECT  "users".* FROM "users" WHERE "users"."email" = $1 LIMIT $2[0m  [["email", "mcholzman1@gmail.com"], ["LIMIT", 1]]
  ↳ app/commands/authenticate_user.rb:21
Completed 200 OK in 198ms (Views: 0.3ms | ActiveRecord: 6.4ms)


Started POST "/auth/login" for 127.0.0.1 at 2018-11-05 19:39:01 -0500
  [1m[35m (1.5ms)[0m  [1m[34mSELECT "schema_migrations"."version" FROM "schema_migrations" ORDER BY "schema_migrations"."version" ASC[0m
  ↳ /usr/local/lib/ruby/gems/2.5.0/gems/activerecord-5.2.1/lib/active_record/log_subscriber.rb:98
Processing by UsersController#login as HTML
  Parameters: {"email"=>"mcholzman1@gmail.com", "password"=>"[FILTERED]", "user"=>{"email"=>"mcholzman1@gmail.com"}}
  [1m[36mUser Load (26.8ms)[0m  [1m[34mSELECT  "users".* FROM "users" WHERE "users"."email" = $1 LIMIT $2[0m  [["email", "mcholzman1@gmail.com"], ["LIMIT", 1]]
  ↳ app/commands/authenticate_user.rb:21
  [1m[36mUser Load (0.4ms)[0m  [1m[34mSELECT  "users".* FROM "users" WHERE "users"."email" = $1 LIMIT $2[0m  [["email", "mcholzman1@gmail.com"], ["LIMIT", 1]]
  ↳ app/commands/authenticate_user.rb:21
Completed 200 OK in 254ms (Views: 0.3ms | ActiveRecord: 34.0ms)


Started POST "/auth/login" for 127.0.0.1 at 2018-11-05 19:39:31 -0500
Processing by UsersController#login as HTML
  Parameters: {"email"=>"mcholzman1@gmail.com", "password"=>"[FILTERED]", "user"=>{"email"=>"mcholzman1@gmail.com"}}
  [1m[36mUser Load (2.1ms)[0m  [1m[34mSELECT  "users".* FROM "users" WHERE "users"."email" = $1 LIMIT $2[0m  [["email", "mcholzman1@gmail.com"], ["LIMIT", 1]]
  ↳ app/commands/authenticate_user.rb:21
  [1m[36mCACHE User Load (0.0ms)[0m  [1m[34mSELECT  "users".* FROM "users" WHERE "users"."email" = $1 LIMIT $2[0m  [["email", "mcholzman1@gmail.com"], ["LIMIT", 1]]
  ↳ app/commands/authenticate_user.rb:21
Completed 200 OK in 155ms (Views: 0.2ms | ActiveRecord: 2.1ms)


Started POST "/auth/login" for 127.0.0.1 at 2018-11-05 19:39:35 -0500
Processing by UsersController#login as HTML
  Parameters: {"email"=>"mcholzman1@gmail.com", "password"=>"[FILTERED]", "user"=>{"email"=>"mcholzman1@gmail.com"}}
  [1m[36mUser Load (0.9ms)[0m  [1m[34mSELECT  "users".* FROM "users" WHERE "users"."email" = $1 LIMIT $2[0m  [["email", "mcholzman1@gmail.com"], ["LIMIT", 1]]
  ↳ app/commands/authenticate_user.rb:21
  [1m[36mCACHE User Load (0.0ms)[0m  [1m[34mSELECT  "users".* FROM "users" WHERE "users"."email" = $1 LIMIT $2[0m  [["email", "mcholzman1@gmail.com"], ["LIMIT", 1]]
  ↳ app/commands/authenticate_user.rb:21
Completed 200 OK in 162ms (Views: 0.1ms | ActiveRecord: 0.9ms)


Started POST "/auth/login" for 127.0.0.1 at 2018-11-05 19:40:49 -0500
Processing by UsersController#login as HTML
  Parameters: {"email"=>"mcholzman1@gmail.com", "password"=>"[FILTERED]", "user"=>{"email"=>"mcholzman1@gmail.com"}}
  [1m[36mUser Load (0.6ms)[0m  [1m[34mSELECT  "users".* FROM "users" WHERE "users"."email" = $1 LIMIT $2[0m  [["email", "mcholzman1@gmail.com"], ["LIMIT", 1]]
  ↳ app/commands/authenticate_user.rb:21
  [1m[36mCACHE User Load (0.0ms)[0m  [1m[34mSELECT  "users".* FROM "users" WHERE "users"."email" = $1 LIMIT $2[0m  [["email", "mcholzman1@gmail.com"], ["LIMIT", 1]]
  ↳ app/commands/authenticate_user.rb:21
Completed 200 OK in 159ms (Views: 0.3ms | ActiveRecord: 0.6ms)


Started POST "/auth/login" for 127.0.0.1 at 2018-11-05 19:40:55 -0500
Processing by UsersController#login as HTML
  Parameters: {"email"=>"mcholzman1@gmail.com", "password"=>"[FILTERED]", "user"=>{"email"=>"mcholzman1@gmail.com"}}
  [1m[36mUser Load (0.5ms)[0m  [1m[34mSELECT  "users".* FROM "users" WHERE "users"."email" = $1 LIMIT $2[0m  [["email", "mcholzman1@gmail.com"], ["LIMIT", 1]]
  ↳ app/commands/authenticate_user.rb:21
  [1m[36mCACHE User Load (0.0ms)[0m  [1m[34mSELECT  "users".* FROM "users" WHERE "users"."email" = $1 LIMIT $2[0m  [["email", "mcholzman1@gmail.com"], ["LIMIT", 1]]
  ↳ app/commands/authenticate_user.rb:21
Completed 200 OK in 161ms (Views: 0.2ms | ActiveRecord: 0.6ms)


Started POST "/auth/login" for 127.0.0.1 at 2018-11-05 22:17:43 -0500
  [1m[35m (1.1ms)[0m  [1m[34mSELECT "schema_migrations"."version" FROM "schema_migrations" ORDER BY "schema_migrations"."version" ASC[0m
  ↳ /usr/local/lib/ruby/gems/2.5.0/gems/activerecord-5.2.1/lib/active_record/log_subscriber.rb:98
Started POST "/auth/login" for 127.0.0.1 at 2018-11-05 22:17:45 -0500
Processing by UsersController#login as HTML
  Parameters: {"email"=>"mcholzman1@gmail.com", "password"=>"[FILTERED]", "user"=>{"email"=>"mcholzman1@gmail.com"}}
Processing by UsersController#login as HTML
  Parameters: {"email"=>"mcholzman1@gmail.com", "password"=>"[FILTERED]", "user"=>{"email"=>"mcholzman1@gmail.com"}}
  [1m[36mUser Load (51.4ms)[0m  [1m[34mSELECT  "users".* FROM "users" WHERE "users"."email" = $1 LIMIT $2[0m  [["email", "mcholzman1@gmail.com"], ["LIMIT", 1]]
  ↳ app/commands/authenticate_user.rb:21
  [1m[36mUser Load (52.6ms)[0m  [1m[34mSELECT  "users".* FROM "users" WHERE "users"."email" = $1 LIMIT $2[0m  [["email", "mcholzman1@gmail.com"], ["LIMIT", 1]]
  ↳ app/commands/authenticate_user.rb:21
  [1m[36mCACHE User Load (0.0ms)[0m  [1m[34mSELECT  "users".* FROM "users" WHERE "users"."email" = $1 LIMIT $2[0m  [["email", "mcholzman1@gmail.com"], ["LIMIT", 1]]
  ↳ app/commands/authenticate_user.rb:21
  [1m[36mUser Load (76.5ms)[0m  [1m[34mSELECT  "users".* FROM "users" WHERE "users"."email" = $1 LIMIT $2[0m  [["email", "mcholzman1@gmail.com"], ["LIMIT", 1]]
  ↳ app/commands/authenticate_user.rb:21
Completed 200 OK in 331ms (Views: 0.2ms | ActiveRecord: 65.6ms)


Completed 200 OK in 417ms (Views: 0.2ms | ActiveRecord: 135.7ms)


Started POST "/auth/login" for 127.0.0.1 at 2018-11-05 22:17:48 -0500
Processing by UsersController#login as HTML
  Parameters: {"email"=>"mcholzman1@gmail.com", "password"=>"[FILTERED]", "user"=>{"email"=>"mcholzman1@gmail.com"}}
  [1m[36mUser Load (0.5ms)[0m  [1m[34mSELECT  "users".* FROM "users" WHERE "users"."email" = $1 LIMIT $2[0m  [["email", "mcholzman1@gmail.com"], ["LIMIT", 1]]
  ↳ app/commands/authenticate_user.rb:21
  [1m[36mCACHE User Load (0.0ms)[0m  [1m[34mSELECT  "users".* FROM "users" WHERE "users"."email" = $1 LIMIT $2[0m  [["email", "mcholzman1@gmail.com"], ["LIMIT", 1]]
  ↳ app/commands/authenticate_user.rb:21
Completed 200 OK in 158ms (Views: 0.2ms | ActiveRecord: 0.6ms)


Started POST "/auth/login" for 127.0.0.1 at 2018-11-05 22:17:52 -0500
Processing by UsersController#login as HTML
  Parameters: {"email"=>"mcholzman1@gmail.com", "password"=>"[FILTERED]", "user"=>{"email"=>"mcholzman1@gmail.com"}}
  [1m[36mUser Load (0.7ms)[0m  [1m[34mSELECT  "users".* FROM "users" WHERE "users"."email" = $1 LIMIT $2[0m  [["email", "mcholzman1@gmail.com"], ["LIMIT", 1]]
  ↳ app/commands/authenticate_user.rb:21
  [1m[36mCACHE User Load (0.0ms)[0m  [1m[34mSELECT  "users".* FROM "users" WHERE "users"."email" = $1 LIMIT $2[0m  [["email", "mcholzman1@gmail.com"], ["LIMIT", 1]]
  ↳ app/commands/authenticate_user.rb:21
Completed 200 OK in 152ms (Views: 0.2ms | ActiveRecord: 0.7ms)


Started POST "/auth/login" for 127.0.0.1 at 2018-11-05 22:17:55 -0500
Processing by UsersController#login as HTML
  Parameters: {"email"=>"mcholzman1@gmail.com", "password"=>"[FILTERED]", "user"=>{"email"=>"mcholzman1@gmail.com"}}
  [1m[36mUser Load (0.5ms)[0m  [1m[34mSELECT  "users".* FROM "users" WHERE "users"."email" = $1 LIMIT $2[0m  [["email", "mcholzman1@gmail.com"], ["LIMIT", 1]]
  ↳ app/commands/authenticate_user.rb:21
  [1m[36mCACHE User Load (0.0ms)[0m  [1m[34mSELECT  "users".* FROM "users" WHERE "users"."email" = $1 LIMIT $2[0m  [["email", "mcholzman1@gmail.com"], ["LIMIT", 1]]
  ↳ app/commands/authenticate_user.rb:21
Completed 200 OK in 162ms (Views: 0.2ms | ActiveRecord: 0.5ms)


Started POST "/auth/login" for 127.0.0.1 at 2018-11-05 22:17:57 -0500
Processing by UsersController#login as HTML
  Parameters: {"email"=>"mcholzman1@gmail.com", "password"=>"[FILTERED]", "user"=>{"email"=>"mcholzman1@gmail.com"}}
  [1m[36mUser Load (0.5ms)[0m  [1m[34mSELECT  "users".* FROM "users" WHERE "users"."email" = $1 LIMIT $2[0m  [["email", "mcholzman1@gmail.com"], ["LIMIT", 1]]
  ↳ app/commands/authenticate_user.rb:21
  [1m[36mCACHE User Load (0.0ms)[0m  [1m[34mSELECT  "users".* FROM "users" WHERE "users"."email" = $1 LIMIT $2[0m  [["email", "mcholzman1@gmail.com"], ["LIMIT", 1]]
  ↳ app/commands/authenticate_user.rb:21
Completed 200 OK in 155ms (Views: 0.2ms | ActiveRecord: 0.5ms)


Started POST "/auth/login" for 127.0.0.1 at 2018-11-06 11:35:07 -0500
  [1m[35m (0.9ms)[0m  [1m[34mSELECT "schema_migrations"."version" FROM "schema_migrations" ORDER BY "schema_migrations"."version" ASC[0m
  ↳ /usr/local/lib/ruby/gems/2.5.0/gems/activerecord-5.2.1/lib/active_record/log_subscriber.rb:98
Processing by UsersController#login as HTML
  Parameters: {"email"=>"mcholzman1@gmail.com", "password"=>"[FILTERED]", "user"=>{"email"=>"mcholzman1@gmail.com"}}
  [1m[36mUser Load (437.6ms)[0m  [1m[34mSELECT  "users".* FROM "users" WHERE "users"."email" = $1 LIMIT $2[0m  [["email", "mcholzman1@gmail.com"], ["LIMIT", 1]]
  ↳ app/commands/authenticate_user.rb:21
  [1m[36mUser Load (0.6ms)[0m  [1m[34mSELECT  "users".* FROM "users" WHERE "users"."email" = $1 LIMIT $2[0m  [["email", "mcholzman1@gmail.com"], ["LIMIT", 1]]
  ↳ app/commands/authenticate_user.rb:21
Completed 200 OK in 793ms (Views: 0.3ms | ActiveRecord: 445.3ms)


Started POST "/auth/login" for 127.0.0.1 at 2018-11-06 14:33:13 -0500
  [1m[35m (0.7ms)[0m  [1m[34mSELECT "schema_migrations"."version" FROM "schema_migrations" ORDER BY "schema_migrations"."version" ASC[0m
  ↳ /usr/local/lib/ruby/gems/2.5.0/gems/activerecord-5.2.1/lib/active_record/log_subscriber.rb:98
Processing by UsersController#login as HTML
  Parameters: {"email"=>"mcholzman1@gmail.com", "password"=>"[FILTERED]", "user"=>{"email"=>"mcholzman1@gmail.com"}}
  [1m[36mUser Load (26.8ms)[0m  [1m[34mSELECT  "users".* FROM "users" WHERE "users"."email" = $1 LIMIT $2[0m  [["email", "mcholzman1@gmail.com"], ["LIMIT", 1]]
  ↳ app/commands/authenticate_user.rb:21
  [1m[36mUser Load (0.4ms)[0m  [1m[34mSELECT  "users".* FROM "users" WHERE "users"."email" = $1 LIMIT $2[0m  [["email", "mcholzman1@gmail.com"], ["LIMIT", 1]]
  ↳ app/commands/authenticate_user.rb:21
Completed 200 OK in 229ms (Views: 0.3ms | ActiveRecord: 33.0ms)


Started POST "/auth/login" for 127.0.0.1 at 2018-11-06 19:36:46 -0500
  [1m[35m (1.4ms)[0m  [1m[34mSELECT "schema_migrations"."version" FROM "schema_migrations" ORDER BY "schema_migrations"."version" ASC[0m
  ↳ /usr/local/lib/ruby/gems/2.5.0/gems/activerecord-5.2.1/lib/active_record/log_subscriber.rb:98
Processing by UsersController#login as HTML
  Parameters: {"email"=>"mcholzman1@gmail.com", "password"=>"[FILTERED]", "user"=>{"email"=>"mcholzman1@gmail.com"}}
  [1m[36mUser Load (0.8ms)[0m  [1m[34mSELECT  "users".* FROM "users" WHERE "users"."email" = $1 LIMIT $2[0m  [["email", "mcholzman1@gmail.com"], ["LIMIT", 1]]
  ↳ app/commands/authenticate_user.rb:21
  [1m[36mUser Load (0.4ms)[0m  [1m[34mSELECT  "users".* FROM "users" WHERE "users"."email" = $1 LIMIT $2[0m  [["email", "mcholzman1@gmail.com"], ["LIMIT", 1]]
  ↳ app/commands/authenticate_user.rb:21
Completed 200 OK in 258ms (Views: 0.3ms | ActiveRecord: 7.3ms)


Started POST "/auth/login" for 127.0.0.1 at 2018-11-06 19:36:55 -0500
Processing by UsersController#login as HTML
  Parameters: {"email"=>"mcholzman1@gmail.com", "password"=>"[FILTERED]", "user"=>{"email"=>"mcholzman1@gmail.com"}}
  [1m[36mUser Load (1.8ms)[0m  [1m[34mSELECT  "users".* FROM "users" WHERE "users"."email" = $1 LIMIT $2[0m  [["email", "mcholzman1@gmail.com"], ["LIMIT", 1]]
  ↳ app/commands/authenticate_user.rb:21
  [1m[36mCACHE User Load (0.0ms)[0m  [1m[34mSELECT  "users".* FROM "users" WHERE "users"."email" = $1 LIMIT $2[0m  [["email", "mcholzman1@gmail.com"], ["LIMIT", 1]]
  ↳ app/commands/authenticate_user.rb:21
Completed 200 OK in 147ms (Views: 0.2ms | ActiveRecord: 1.8ms)


Started POST "/auth/login" for 127.0.0.1 at 2018-11-06 19:37:03 -0500
Processing by UsersController#login as HTML
  Parameters: {"email"=>"mcholzman1@gmail.com", "password"=>"[FILTERED]", "user"=>{"email"=>"mcholzman1@gmail.com"}}
  [1m[36mUser Load (0.5ms)[0m  [1m[34mSELECT  "users".* FROM "users" WHERE "users"."email" = $1 LIMIT $2[0m  [["email", "mcholzman1@gmail.com"], ["LIMIT", 1]]
  ↳ app/commands/authenticate_user.rb:21
  [1m[36mCACHE User Load (0.0ms)[0m  [1m[34mSELECT  "users".* FROM "users" WHERE "users"."email" = $1 LIMIT $2[0m  [["email", "mcholzman1@gmail.com"], ["LIMIT", 1]]
  ↳ app/commands/authenticate_user.rb:21
Completed 200 OK in 147ms (Views: 0.2ms | ActiveRecord: 0.6ms)


Started POST "/auth/login" for 127.0.0.1 at 2018-11-06 22:19:03 -0500
  [1m[35m (1.1ms)[0m  [1m[34mSELECT "schema_migrations"."version" FROM "schema_migrations" ORDER BY "schema_migrations"."version" ASC[0m
  ↳ /usr/local/lib/ruby/gems/2.5.0/gems/activerecord-5.2.1/lib/active_record/log_subscriber.rb:98
Processing by UsersController#login as HTML
  Parameters: {"email"=>"mcholzman1@gmail.com", "password"=>"[FILTERED]", "user"=>{"email"=>"mcholzman1@gmail.com"}}
  [1m[36mUser Load (28.3ms)[0m  [1m[34mSELECT  "users".* FROM "users" WHERE "users"."email" = $1 LIMIT $2[0m  [["email", "mcholzman1@gmail.com"], ["LIMIT", 1]]
  ↳ app/commands/authenticate_user.rb:21
  [1m[36mUser Load (0.9ms)[0m  [1m[34mSELECT  "users".* FROM "users" WHERE "users"."email" = $1 LIMIT $2[0m  [["email", "mcholzman1@gmail.com"], ["LIMIT", 1]]
  ↳ app/commands/authenticate_user.rb:21
Started POST "/auth/login" for 127.0.0.1 at 2018-11-06 22:19:06 -0500
Completed 200 OK in 385ms (Views: 0.3ms | ActiveRecord: 44.3ms)


Processing by UsersController#login as HTML
  Parameters: {"email"=>"mcholzman1@gmail.com", "password"=>"[FILTERED]", "user"=>{"email"=>"mcholzman1@gmail.com"}}
  [1m[36mUser Load (29.2ms)[0m  [1m[34mSELECT  "users".* FROM "users" WHERE "users"."email" = $1 LIMIT $2[0m  [["email", "mcholzman1@gmail.com"], ["LIMIT", 1]]
  ↳ app/commands/authenticate_user.rb:21
  [1m[36mCACHE User Load (0.0ms)[0m  [1m[34mSELECT  "users".* FROM "users" WHERE "users"."email" = $1 LIMIT $2[0m  [["email", "mcholzman1@gmail.com"], ["LIMIT", 1]]
  ↳ app/commands/authenticate_user.rb:21
Completed 200 OK in 246ms (Views: 2.7ms | ActiveRecord: 29.3ms)


Started POST "/auth/login" for 127.0.0.1 at 2018-11-06 23:26:14 -0500
Processing by UsersController#login as HTML
  Parameters: {"email"=>"mcholzman1@gmail.com", "password"=>"[FILTERED]", "user"=>{"email"=>"mcholzman1@gmail.com"}}
  [1m[36mUser Load (1.6ms)[0m  [1m[34mSELECT  "users".* FROM "users" WHERE "users"."email" = $1 LIMIT $2[0m  [["email", "mcholzman1@gmail.com"], ["LIMIT", 1]]
  ↳ app/commands/authenticate_user.rb:21
  [1m[36mCACHE User Load (0.0ms)[0m  [1m[34mSELECT  "users".* FROM "users" WHERE "users"."email" = $1 LIMIT $2[0m  [["email", "mcholzman1@gmail.com"], ["LIMIT", 1]]
  ↳ app/commands/authenticate_user.rb:21
Completed 200 OK in 162ms (Views: 1.9ms | ActiveRecord: 1.7ms)


Started POST "/auth/login" for 127.0.0.1 at 2018-11-06 23:28:14 -0500
Processing by UsersController#login as HTML
  Parameters: {"email"=>"mcholzman1@gmail.com", "password"=>"[FILTERED]", "user"=>{"email"=>"mcholzman1@gmail.com"}}
  [1m[36mUser Load (0.8ms)[0m  [1m[34mSELECT  "users".* FROM "users" WHERE "users"."email" = $1 LIMIT $2[0m  [["email", "mcholzman1@gmail.com"], ["LIMIT", 1]]
  ↳ app/commands/authenticate_user.rb:21
  [1m[36mCACHE User Load (0.0ms)[0m  [1m[34mSELECT  "users".* FROM "users" WHERE "users"."email" = $1 LIMIT $2[0m  [["email", "mcholzman1@gmail.com"], ["LIMIT", 1]]
  ↳ app/commands/authenticate_user.rb:21
Completed 200 OK in 151ms (Views: 0.1ms | ActiveRecord: 0.8ms)


Started POST "/auth/login" for 127.0.0.1 at 2018-11-06 23:28:24 -0500
Processing by UsersController#login as HTML
  Parameters: {"email"=>"mcholzman1@gmail.com", "password"=>"[FILTERED]", "user"=>{"email"=>"mcholzman1@gmail.com"}}
  [1m[36mUser Load (0.6ms)[0m  [1m[34mSELECT  "users".* FROM "users" WHERE "users"."email" = $1 LIMIT $2[0m  [["email", "mcholzman1@gmail.com"], ["LIMIT", 1]]
  ↳ app/commands/authenticate_user.rb:21
  [1m[36mCACHE User Load (0.0ms)[0m  [1m[34mSELECT  "users".* FROM "users" WHERE "users"."email" = $1 LIMIT $2[0m  [["email", "mcholzman1@gmail.com"], ["LIMIT", 1]]
  ↳ app/commands/authenticate_user.rb:21
Completed 200 OK in 156ms (Views: 0.2ms | ActiveRecord: 0.6ms)


Started POST "/auth/login" for 127.0.0.1 at 2018-11-06 23:28:36 -0500
Processing by UsersController#login as HTML
  Parameters: {"email"=>"mcholzman1@gmail.com", "password"=>"[FILTERED]", "user"=>{"email"=>"mcholzman1@gmail.com"}}
  [1m[36mUser Load (2.1ms)[0m  [1m[34mSELECT  "users".* FROM "users" WHERE "users"."email" = $1 LIMIT $2[0m  [["email", "mcholzman1@gmail.com"], ["LIMIT", 1]]
  ↳ app/commands/authenticate_user.rb:21
  [1m[36mCACHE User Load (0.0ms)[0m  [1m[34mSELECT  "users".* FROM "users" WHERE "users"."email" = $1 LIMIT $2[0m  [["email", "mcholzman1@gmail.com"], ["LIMIT", 1]]
  ↳ app/commands/authenticate_user.rb:21
Completed 200 OK in 184ms (Views: 0.2ms | ActiveRecord: 2.2ms)


Started POST "/auth/login" for 127.0.0.1 at 2018-11-06 23:28:43 -0500
Processing by UsersController#login as HTML
  Parameters: {"email"=>"mcholzman1@gmail.com", "password"=>"[FILTERED]", "user"=>{"email"=>"mcholzman1@gmail.com"}}
  [1m[36mUser Load (1.2ms)[0m  [1m[34mSELECT  "users".* FROM "users" WHERE "users"."email" = $1 LIMIT $2[0m  [["email", "mcholzman1@gmail.com"], ["LIMIT", 1]]
  ↳ app/commands/authenticate_user.rb:21
  [1m[36mCACHE User Load (0.0ms)[0m  [1m[34mSELECT  "users".* FROM "users" WHERE "users"."email" = $1 LIMIT $2[0m  [["email", "mcholzman1@gmail.com"], ["LIMIT", 1]]
  ↳ app/commands/authenticate_user.rb:21
Completed 200 OK in 156ms (Views: 0.2ms | ActiveRecord: 1.2ms)


Started POST "/auth/login" for 127.0.0.1 at 2018-11-06 23:28:55 -0500
Processing by UsersController#login as HTML
  Parameters: {"email"=>"mcholzman1@gmail.com", "password"=>"[FILTERED]", "user"=>{"email"=>"mcholzman1@gmail.com"}}
  [1m[36mUser Load (0.7ms)[0m  [1m[34mSELECT  "users".* FROM "users" WHERE "users"."email" = $1 LIMIT $2[0m  [["email", "mcholzman1@gmail.com"], ["LIMIT", 1]]
  ↳ app/commands/authenticate_user.rb:21
  [1m[36mCACHE User Load (0.0ms)[0m  [1m[34mSELECT  "users".* FROM "users" WHERE "users"."email" = $1 LIMIT $2[0m  [["email", "mcholzman1@gmail.com"], ["LIMIT", 1]]
  ↳ app/commands/authenticate_user.rb:21
Completed 200 OK in 154ms (Views: 0.2ms | ActiveRecord: 0.7ms)


Started POST "/auth/login" for 127.0.0.1 at 2018-11-06 23:28:58 -0500
Processing by UsersController#login as HTML
  Parameters: {"email"=>"mcholzman1@gmail.com", "password"=>"[FILTERED]", "user"=>{"email"=>"mcholzman1@gmail.com"}}
  [1m[36mUser Load (0.6ms)[0m  [1m[34mSELECT  "users".* FROM "users" WHERE "users"."email" = $1 LIMIT $2[0m  [["email", "mcholzman1@gmail.com"], ["LIMIT", 1]]
  ↳ app/commands/authenticate_user.rb:21
  [1m[36mCACHE User Load (0.0ms)[0m  [1m[34mSELECT  "users".* FROM "users" WHERE "users"."email" = $1 LIMIT $2[0m  [["email", "mcholzman1@gmail.com"], ["LIMIT", 1]]
  ↳ app/commands/authenticate_user.rb:21
Completed 200 OK in 149ms (Views: 0.2ms | ActiveRecord: 0.6ms)


Started POST "/auth/login" for 127.0.0.1 at 2018-11-06 23:29:00 -0500
Processing by UsersController#login as HTML
  Parameters: {"email"=>"mcholzman1@gmail.com", "password"=>"[FILTERED]", "user"=>{"email"=>"mcholzman1@gmail.com"}}
  [1m[36mUser Load (0.5ms)[0m  [1m[34mSELECT  "users".* FROM "users" WHERE "users"."email" = $1 LIMIT $2[0m  [["email", "mcholzman1@gmail.com"], ["LIMIT", 1]]
  ↳ app/commands/authenticate_user.rb:21
  [1m[36mCACHE User Load (0.0ms)[0m  [1m[34mSELECT  "users".* FROM "users" WHERE "users"."email" = $1 LIMIT $2[0m  [["email", "mcholzman1@gmail.com"], ["LIMIT", 1]]
  ↳ app/commands/authenticate_user.rb:21
Completed 200 OK in 149ms (Views: 0.2ms | ActiveRecord: 0.5ms)


Started POST "/auth/login" for 127.0.0.1 at 2018-11-06 23:29:06 -0500
Processing by UsersController#login as HTML
  Parameters: {"email"=>"mcholzman1@gmail.com", "password"=>"[FILTERED]", "user"=>{"email"=>"mcholzman1@gmail.com"}}
  [1m[36mUser Load (1.6ms)[0m  [1m[34mSELECT  "users".* FROM "users" WHERE "users"."email" = $1 LIMIT $2[0m  [["email", "mcholzman1@gmail.com"], ["LIMIT", 1]]
  ↳ app/commands/authenticate_user.rb:21
  [1m[36mCACHE User Load (0.0ms)[0m  [1m[34mSELECT  "users".* FROM "users" WHERE "users"."email" = $1 LIMIT $2[0m  [["email", "mcholzman1@gmail.com"], ["LIMIT", 1]]
  ↳ app/commands/authenticate_user.rb:21
Completed 200 OK in 158ms (Views: 0.7ms | ActiveRecord: 1.6ms)


Started POST "/auth/login" for 127.0.0.1 at 2018-11-06 23:29:08 -0500
Processing by UsersController#login as HTML
  Parameters: {"email"=>"mcholzman1@gmail.com", "password"=>"[FILTERED]", "user"=>{"email"=>"mcholzman1@gmail.com"}}
  [1m[36mUser Load (0.5ms)[0m  [1m[34mSELECT  "users".* FROM "users" WHERE "users"."email" = $1 LIMIT $2[0m  [["email", "mcholzman1@gmail.com"], ["LIMIT", 1]]
  ↳ app/commands/authenticate_user.rb:21
  [1m[36mCACHE User Load (0.0ms)[0m  [1m[34mSELECT  "users".* FROM "users" WHERE "users"."email" = $1 LIMIT $2[0m  [["email", "mcholzman1@gmail.com"], ["LIMIT", 1]]
  ↳ app/commands/authenticate_user.rb:21
Completed 200 OK in 155ms (Views: 0.2ms | ActiveRecord: 0.5ms)


Started POST "/auth/login" for 127.0.0.1 at 2018-11-06 23:29:23 -0500
Processing by UsersController#login as HTML
  Parameters: {"email"=>"mcholzman1@gmail.com", "password"=>"[FILTERED]", "user"=>{"email"=>"mcholzman1@gmail.com"}}
  [1m[36mUser Load (0.4ms)[0m  [1m[34mSELECT  "users".* FROM "users" WHERE "users"."email" = $1 LIMIT $2[0m  [["email", "mcholzman1@gmail.com"], ["LIMIT", 1]]
  ↳ app/commands/authenticate_user.rb:21
  [1m[36mCACHE User Load (0.0ms)[0m  [1m[34mSELECT  "users".* FROM "users" WHERE "users"."email" = $1 LIMIT $2[0m  [["email", "mcholzman1@gmail.com"], ["LIMIT", 1]]
  ↳ app/commands/authenticate_user.rb:21
Completed 200 OK in 147ms (Views: 0.2ms | ActiveRecord: 0.4ms)


Started POST "/auth/login" for 127.0.0.1 at 2018-11-07 01:09:05 -0500
Processing by UsersController#login as HTML
  Parameters: {"email"=>"mcholzman1@gmail.com", "password"=>"[FILTERED]", "user"=>{"email"=>"mcholzman1@gmail.com"}}
  [1m[36mUser Load (1.8ms)[0m  [1m[34mSELECT  "users".* FROM "users" WHERE "users"."email" = $1 LIMIT $2[0m  [["email", "mcholzman1@gmail.com"], ["LIMIT", 1]]
  ↳ app/commands/authenticate_user.rb:21
  [1m[36mCACHE User Load (0.0ms)[0m  [1m[34mSELECT  "users".* FROM "users" WHERE "users"."email" = $1 LIMIT $2[0m  [["email", "mcholzman1@gmail.com"], ["LIMIT", 1]]
  ↳ app/commands/authenticate_user.rb:21
Completed 200 OK in 155ms (Views: 0.1ms | ActiveRecord: 1.8ms)


Started POST "/auth/login" for 127.0.0.1 at 2018-11-07 01:09:26 -0500
Processing by UsersController#login as HTML
  Parameters: {"email"=>"mcholzman1@gmail.com", "password"=>"[FILTERED]", "user"=>{"email"=>"mcholzman1@gmail.com"}}
  [1m[36mUser Load (0.6ms)[0m  [1m[34mSELECT  "users".* FROM "users" WHERE "users"."email" = $1 LIMIT $2[0m  [["email", "mcholzman1@gmail.com"], ["LIMIT", 1]]
  ↳ app/commands/authenticate_user.rb:21
  [1m[36mCACHE User Load (0.0ms)[0m  [1m[34mSELECT  "users".* FROM "users" WHERE "users"."email" = $1 LIMIT $2[0m  [["email", "mcholzman1@gmail.com"], ["LIMIT", 1]]
  ↳ app/commands/authenticate_user.rb:21
Completed 200 OK in 150ms (Views: 0.1ms | ActiveRecord: 0.6ms)


Started POST "/auth/login" for 127.0.0.1 at 2018-11-07 01:09:33 -0500
Processing by UsersController#login as HTML
  Parameters: {"email"=>"mcholzman1@gmail.com", "password"=>"[FILTERED]", "user"=>{"email"=>"mcholzman1@gmail.com"}}
  [1m[36mUser Load (0.6ms)[0m  [1m[34mSELECT  "users".* FROM "users" WHERE "users"."email" = $1 LIMIT $2[0m  [["email", "mcholzman1@gmail.com"], ["LIMIT", 1]]
  ↳ app/commands/authenticate_user.rb:21
  [1m[36mCACHE User Load (0.0ms)[0m  [1m[34mSELECT  "users".* FROM "users" WHERE "users"."email" = $1 LIMIT $2[0m  [["email", "mcholzman1@gmail.com"], ["LIMIT", 1]]
  ↳ app/commands/authenticate_user.rb:21
Completed 200 OK in 150ms (Views: 0.1ms | ActiveRecord: 0.6ms)


Started POST "/auth/login" for 127.0.0.1 at 2018-11-07 09:10:27 -0500
  [1m[35m (0.8ms)[0m  [1m[34mSELECT "schema_migrations"."version" FROM "schema_migrations" ORDER BY "schema_migrations"."version" ASC[0m
  ↳ /usr/local/lib/ruby/gems/2.5.0/gems/activerecord-5.2.1/lib/active_record/log_subscriber.rb:98
Processing by UsersController#login as HTML
  Parameters: {"email"=>"mcholzman1@gmail.com", "password"=>"[FILTERED]", "user"=>{"email"=>"mcholzman1@gmail.com"}}
  [1m[36mUser Load (26.9ms)[0m  [1m[34mSELECT  "users".* FROM "users" WHERE "users"."email" = $1 LIMIT $2[0m  [["email", "mcholzman1@gmail.com"], ["LIMIT", 1]]
  ↳ app/commands/authenticate_user.rb:21
  [1m[36mUser Load (0.5ms)[0m  [1m[34mSELECT  "users".* FROM "users" WHERE "users"."email" = $1 LIMIT $2[0m  [["email", "mcholzman1@gmail.com"], ["LIMIT", 1]]
  ↳ app/commands/authenticate_user.rb:21
Completed 200 OK in 242ms (Views: 0.3ms | ActiveRecord: 34.2ms)


Started POST "/auth/login" for 127.0.0.1 at 2018-11-07 12:29:40 -0500
  [1m[35m (0.9ms)[0m  [1m[34mSELECT "schema_migrations"."version" FROM "schema_migrations" ORDER BY "schema_migrations"."version" ASC[0m
  ↳ /usr/local/lib/ruby/gems/2.5.0/gems/activerecord-5.2.1/lib/active_record/log_subscriber.rb:98
Processing by UsersController#login as HTML
  Parameters: {"email"=>"mcholzman1@gmail.com", "password"=>"[FILTERED]", "user"=>{"email"=>"mcholzman1@gmail.com"}}
  [1m[36mUser Load (29.5ms)[0m  [1m[34mSELECT  "users".* FROM "users" WHERE "users"."email" = $1 LIMIT $2[0m  [["email", "mcholzman1@gmail.com"], ["LIMIT", 1]]
  ↳ app/commands/authenticate_user.rb:21
  [1m[36mUser Load (0.4ms)[0m  [1m[34mSELECT  "users".* FROM "users" WHERE "users"."email" = $1 LIMIT $2[0m  [["email", "mcholzman1@gmail.com"], ["LIMIT", 1]]
  ↳ app/commands/authenticate_user.rb:21
Completed 200 OK in 280ms (Views: 0.3ms | ActiveRecord: 35.8ms)


Started POST "/auth/login" for 127.0.0.1 at 2018-11-08 10:05:23 -0500
Started POST "/auth/login" for 127.0.0.1 at 2018-11-08 10:05:25 -0500
  [1m[35m (152.6ms)[0m  [1m[34mSELECT "schema_migrations"."version" FROM "schema_migrations" ORDER BY "schema_migrations"."version" ASC[0m
  [1m[35m (152.7ms)[0m  [1m[34mSELECT "schema_migrations"."version" FROM "schema_migrations" ORDER BY "schema_migrations"."version" ASC[0m
  ↳ /usr/local/lib/ruby/gems/2.5.0/gems/activerecord-5.2.1/lib/active_record/log_subscriber.rb:98
  ↳ /usr/local/lib/ruby/gems/2.5.0/gems/activerecord-5.2.1/lib/active_record/log_subscriber.rb:98
Started POST "/auth/login" for 127.0.0.1 at 2018-11-08 10:17:02 -0500
  [1m[35m (0.7ms)[0m  [1m[34mSELECT "schema_migrations"."version" FROM "schema_migrations" ORDER BY "schema_migrations"."version" ASC[0m
  ↳ /usr/local/lib/ruby/gems/2.5.0/gems/activerecord-5.2.1/lib/active_record/log_subscriber.rb:98
Processing by UsersController#login as HTML
  Parameters: {"email"=>"mcholzman1@gmail.com", "password"=>"[FILTERED]", "user"=>{"email"=>"mcholzman1@gmail.com"}}
  [1m[36mUser Load (42.5ms)[0m  [1m[34mSELECT  "users".* FROM "users" WHERE "users"."email" = $1 LIMIT $2[0m  [["email", "mcholzman1@gmail.com"], ["LIMIT", 1]]
  ↳ app/commands/authenticate_user.rb:21
  [1m[36mUser Load (0.5ms)[0m  [1m[34mSELECT  "users".* FROM "users" WHERE "users"."email" = $1 LIMIT $2[0m  [["email", "mcholzman1@gmail.com"], ["LIMIT", 1]]
  ↳ app/commands/authenticate_user.rb:21
Completed 200 OK in 332ms (Views: 0.4ms | ActiveRecord: 163.0ms)


Started POST "/auth/login" for 127.0.0.1 at 2018-11-08 10:17:16 -0500
Processing by UsersController#login as HTML
  Parameters: {"email"=>"mcholzman1@gmail.com", "password"=>"[FILTERED]", "user"=>{"email"=>"mcholzman1@gmail.com"}}
  [1m[36mUser Load (1.8ms)[0m  [1m[34mSELECT  "users".* FROM "users" WHERE "users"."email" = $1 LIMIT $2[0m  [["email", "mcholzman1@gmail.com"], ["LIMIT", 1]]
  ↳ app/commands/authenticate_user.rb:21
  [1m[36mCACHE User Load (0.0ms)[0m  [1m[34mSELECT  "users".* FROM "users" WHERE "users"."email" = $1 LIMIT $2[0m  [["email", "mcholzman1@gmail.com"], ["LIMIT", 1]]
  ↳ app/commands/authenticate_user.rb:21
Completed 200 OK in 156ms (Views: 0.2ms | ActiveRecord: 1.9ms)


Started POST "/auth/login" for 127.0.0.1 at 2018-11-08 10:17:23 -0500
Processing by UsersController#login as HTML
  Parameters: {"email"=>"mcholzman1@gmail.com", "password"=>"[FILTERED]", "user"=>{"email"=>"mcholzman1@gmail.com"}}
  [1m[36mUser Load (1.2ms)[0m  [1m[34mSELECT  "users".* FROM "users" WHERE "users"."email" = $1 LIMIT $2[0m  [["email", "mcholzman1@gmail.com"], ["LIMIT", 1]]
  ↳ app/commands/authenticate_user.rb:21
  [1m[36mCACHE User Load (0.0ms)[0m  [1m[34mSELECT  "users".* FROM "users" WHERE "users"."email" = $1 LIMIT $2[0m  [["email", "mcholzman1@gmail.com"], ["LIMIT", 1]]
  ↳ app/commands/authenticate_user.rb:21
Completed 200 OK in 164ms (Views: 0.2ms | ActiveRecord: 1.2ms)


Started POST "/auth/login" for 127.0.0.1 at 2018-11-08 13:10:35 -0500
  [1m[35m (68.8ms)[0m  [1m[34mSELECT "schema_migrations"."version" FROM "schema_migrations" ORDER BY "schema_migrations"."version" ASC[0m
  ↳ /usr/local/lib/ruby/gems/2.5.0/gems/activerecord-5.2.1/lib/active_record/log_subscriber.rb:98
Processing by UsersController#login as HTML
  Parameters: {"email"=>"mcholzman1@gmail.com", "password"=>"[FILTERED]", "user"=>{"email"=>"mcholzman1@gmail.com"}}
  [1m[36mUser Load (42.9ms)[0m  [1m[34mSELECT  "users".* FROM "users" WHERE "users"."email" = $1 LIMIT $2[0m  [["email", "mcholzman1@gmail.com"], ["LIMIT", 1]]
  ↳ app/commands/authenticate_user.rb:21
  [1m[36mUser Load (0.4ms)[0m  [1m[34mSELECT  "users".* FROM "users" WHERE "users"."email" = $1 LIMIT $2[0m  [["email", "mcholzman1@gmail.com"], ["LIMIT", 1]]
  ↳ app/commands/authenticate_user.rb:21
Completed 200 OK in 361ms (Views: 0.4ms | ActiveRecord: 153.4ms)


Started POST "/auth/login" for 127.0.0.1 at 2018-11-08 15:51:57 -0500
Started POST "/auth/login" for 127.0.0.1 at 2018-11-08 15:52:07 -0500
Started POST "/auth/login" for 127.0.0.1 at 2018-11-08 15:52:07 -0500
Started POST "/auth/login" for 127.0.0.1 at 2018-11-08 15:52:07 -0500
Processing by UsersController#login as HTML
  Parameters: {"email"=>"mcholzman1@gmail.com", "password"=>"[FILTERED]", "user"=>{"email"=>"mcholzman1@gmail.com"}}
  [1m[36mUser Load (0.8ms)[0m  [1m[34mSELECT  "users".* FROM "users" WHERE "users"."email" = $1 LIMIT $2[0m  [["email", "mcholzman1@gmail.com"], ["LIMIT", 1]]
  ↳ app/commands/authenticate_user.rb:21
  [1m[36mCACHE User Load (0.0ms)[0m  [1m[34mSELECT  "users".* FROM "users" WHERE "users"."email" = $1 LIMIT $2[0m  [["email", "mcholzman1@gmail.com"], ["LIMIT", 1]]
  ↳ app/commands/authenticate_user.rb:21
Completed 200 OK in 172ms (Views: 0.2ms | ActiveRecord: 9.2ms)


Started POST "/auth/login" for 127.0.0.1 at 2018-11-08 16:13:00 -0500
  [1m[35m (24.7ms)[0m  [1m[34mSELECT "schema_migrations"."version" FROM "schema_migrations" ORDER BY "schema_migrations"."version" ASC[0m
  ↳ /usr/local/lib/ruby/gems/2.5.0/gems/activerecord-5.2.1/lib/active_record/log_subscriber.rb:98
Processing by UsersController#login as HTML
  Parameters: {"email"=>"mcholzman1@gmail.com", "password"=>"[FILTERED]", "user"=>{"email"=>"mcholzman1@gmail.com"}}
  [1m[36mUser Load (2.7ms)[0m  [1m[34mSELECT  "users".* FROM "users" WHERE "users"."email" = $1 LIMIT $2[0m  [["email", "mcholzman1@gmail.com"], ["LIMIT", 1]]
  ↳ app/commands/authenticate_user.rb:21
  [1m[36mUser Load (0.8ms)[0m  [1m[34mSELECT  "users".* FROM "users" WHERE "users"."email" = $1 LIMIT $2[0m  [["email", "mcholzman1@gmail.com"], ["LIMIT", 1]]
  ↳ app/commands/authenticate_user.rb:21
Completed 200 OK in 402ms (Views: 0.3ms | ActiveRecord: 58.3ms)


Started POST "/auth/login" for 127.0.0.1 at 2018-11-08 16:13:03 -0500
Processing by UsersController#login as HTML
  Parameters: {"email"=>"mcholzman1@gmail.com", "password"=>"[FILTERED]", "user"=>{"email"=>"mcholzman1@gmail.com"}}
  [1m[36mUser Load (1.6ms)[0m  [1m[34mSELECT  "users".* FROM "users" WHERE "users"."email" = $1 LIMIT $2[0m  [["email", "mcholzman1@gmail.com"], ["LIMIT", 1]]
  ↳ app/commands/authenticate_user.rb:21
  [1m[36mCACHE User Load (0.0ms)[0m  [1m[34mSELECT  "users".* FROM "users" WHERE "users"."email" = $1 LIMIT $2[0m  [["email", "mcholzman1@gmail.com"], ["LIMIT", 1]]
  ↳ app/commands/authenticate_user.rb:21
Completed 200 OK in 155ms (Views: 0.2ms | ActiveRecord: 1.7ms)


Started POST "/auth/login" for 127.0.0.1 at 2018-11-08 19:11:09 -0500
Processing by UsersController#login as HTML
  Parameters: {"email"=>"mcholzman1@gmail.com", "password"=>"[FILTERED]", "user"=>{"email"=>"mcholzman1@gmail.com"}}
  [1m[36mUser Load (2.4ms)[0m  [1m[34mSELECT  "users".* FROM "users" WHERE "users"."email" = $1 LIMIT $2[0m  [["email", "mcholzman1@gmail.com"], ["LIMIT", 1]]
  ↳ app/commands/authenticate_user.rb:21
  [1m[36mCACHE User Load (0.0ms)[0m  [1m[34mSELECT  "users".* FROM "users" WHERE "users"."email" = $1 LIMIT $2[0m  [["email", "mcholzman1@gmail.com"], ["LIMIT", 1]]
  ↳ app/commands/authenticate_user.rb:21
Completed 200 OK in 155ms (Views: 0.2ms | ActiveRecord: 2.4ms)


Started POST "/auth/login" for 127.0.0.1 at 2018-11-08 19:11:14 -0500
Processing by UsersController#login as HTML
  Parameters: {"email"=>"mcholzman1@gmail.com", "password"=>"[FILTERED]", "user"=>{"email"=>"mcholzman1@gmail.com"}}
  [1m[36mUser Load (0.7ms)[0m  [1m[34mSELECT  "users".* FROM "users" WHERE "users"."email" = $1 LIMIT $2[0m  [["email", "mcholzman1@gmail.com"], ["LIMIT", 1]]
  ↳ app/commands/authenticate_user.rb:21
  [1m[36mCACHE User Load (0.0ms)[0m  [1m[34mSELECT  "users".* FROM "users" WHERE "users"."email" = $1 LIMIT $2[0m  [["email", "mcholzman1@gmail.com"], ["LIMIT", 1]]
  ↳ app/commands/authenticate_user.rb:21
Completed 200 OK in 153ms (Views: 0.2ms | ActiveRecord: 0.7ms)


Started POST "/auth/login" for 127.0.0.1 at 2018-11-08 19:12:14 -0500
Processing by UsersController#login as HTML
  Parameters: {"email"=>"mcholzman1@gmail.com", "password"=>"[FILTERED]", "user"=>{"email"=>"mcholzman1@gmail.com"}}
  [1m[36mUser Load (0.7ms)[0m  [1m[34mSELECT  "users".* FROM "users" WHERE "users"."email" = $1 LIMIT $2[0m  [["email", "mcholzman1@gmail.com"], ["LIMIT", 1]]
  ↳ app/commands/authenticate_user.rb:21
  [1m[36mCACHE User Load (0.0ms)[0m  [1m[34mSELECT  "users".* FROM "users" WHERE "users"."email" = $1 LIMIT $2[0m  [["email", "mcholzman1@gmail.com"], ["LIMIT", 1]]
  ↳ app/commands/authenticate_user.rb:21
Completed 200 OK in 153ms (Views: 0.3ms | ActiveRecord: 0.7ms)


Started POST "/auth/login" for 127.0.0.1 at 2018-11-08 21:29:06 -0500
Processing by UsersController#login as HTML
  Parameters: {"email"=>"mcholzman1@gmail.com", "password"=>"[FILTERED]", "user"=>{"email"=>"mcholzman1@gmail.com"}}
  [1m[36mUser Load (2.4ms)[0m  [1m[34mSELECT  "users".* FROM "users" WHERE "users"."email" = $1 LIMIT $2[0m  [["email", "mcholzman1@gmail.com"], ["LIMIT", 1]]
  ↳ app/commands/authenticate_user.rb:21
  [1m[36mCACHE User Load (0.0ms)[0m  [1m[34mSELECT  "users".* FROM "users" WHERE "users"."email" = $1 LIMIT $2[0m  [["email", "mcholzman1@gmail.com"], ["LIMIT", 1]]
  ↳ app/commands/authenticate_user.rb:21
Completed 200 OK in 176ms (Views: 1.6ms | ActiveRecord: 2.4ms)


Started POST "/auth/login" for 127.0.0.1 at 2018-11-08 23:06:31 -0500
Processing by UsersController#login as HTML
  Parameters: {"email"=>"mcholzman1@gmail.com", "password"=>"[FILTERED]", "user"=>{"email"=>"mcholzman1@gmail.com"}}
  [1m[36mUser Load (20.6ms)[0m  [1m[34mSELECT  "users".* FROM "users" WHERE "users"."email" = $1 LIMIT $2[0m  [["email", "mcholzman1@gmail.com"], ["LIMIT", 1]]
  ↳ app/commands/authenticate_user.rb:21
  [1m[36mCACHE User Load (0.0ms)[0m  [1m[34mSELECT  "users".* FROM "users" WHERE "users"."email" = $1 LIMIT $2[0m  [["email", "mcholzman1@gmail.com"], ["LIMIT", 1]]
  ↳ app/commands/authenticate_user.rb:21
Completed 200 OK in 176ms (Views: 0.2ms | ActiveRecord: 20.6ms)


Started POST "/auth/login" for 127.0.0.1 at 2018-11-09 09:28:29 -0500
  [1m[35m (1.3ms)[0m  [1m[34mSELECT "schema_migrations"."version" FROM "schema_migrations" ORDER BY "schema_migrations"."version" ASC[0m
  ↳ /usr/local/lib/ruby/gems/2.5.0/gems/activerecord-5.2.1/lib/active_record/log_subscriber.rb:98
Processing by UsersController#login as HTML
  Parameters: {"email"=>"mcholzman1@gmail.com", "password"=>"[FILTERED]", "user"=>{"email"=>"mcholzman1@gmail.com"}}
  [1m[36mUser Load (1.7ms)[0m  [1m[34mSELECT  "users".* FROM "users" WHERE "users"."email" = $1 LIMIT $2[0m  [["email", "mcholzman1@gmail.com"], ["LIMIT", 1]]
  ↳ app/commands/authenticate_user.rb:21
  [1m[36mUser Load (0.5ms)[0m  [1m[34mSELECT  "users".* FROM "users" WHERE "users"."email" = $1 LIMIT $2[0m  [["email", "mcholzman1@gmail.com"], ["LIMIT", 1]]
  ↳ app/commands/authenticate_user.rb:21
Completed 200 OK in 267ms (Views: 0.3ms | ActiveRecord: 34.3ms)


Started POST "/auth/login" for 127.0.0.1 at 2018-11-09 11:08:56 -0500
Processing by UsersController#login as HTML
  Parameters: {"email"=>"mcholzman1@gmail.com", "password"=>"[FILTERED]", "user"=>{"email"=>"mcholzman1@gmail.com"}}
  [1m[36mUser Load (2.0ms)[0m  [1m[34mSELECT  "users".* FROM "users" WHERE "users"."email" = $1 LIMIT $2[0m  [["email", "mcholzman1@gmail.com"], ["LIMIT", 1]]
  ↳ app/commands/authenticate_user.rb:21
  [1m[36mCACHE User Load (0.0ms)[0m  [1m[34mSELECT  "users".* FROM "users" WHERE "users"."email" = $1 LIMIT $2[0m  [["email", "mcholzman1@gmail.com"], ["LIMIT", 1]]
  ↳ app/commands/authenticate_user.rb:21
Completed 200 OK in 152ms (Views: 0.2ms | ActiveRecord: 2.0ms)


Started POST "/auth/login" for 127.0.0.1 at 2018-11-09 11:30:57 -0500
Processing by UsersController#login as HTML
  Parameters: {"email"=>"mcholzman1@gmail.com", "password"=>"[FILTERED]", "user"=>{"email"=>"mcholzman1@gmail.com"}}
  [1m[36mUser Load (0.6ms)[0m  [1m[34mSELECT  "users".* FROM "users" WHERE "users"."email" = $1 LIMIT $2[0m  [["email", "mcholzman1@gmail.com"], ["LIMIT", 1]]
  ↳ app/commands/authenticate_user.rb:21
  [1m[36mCACHE User Load (0.0ms)[0m  [1m[34mSELECT  "users".* FROM "users" WHERE "users"."email" = $1 LIMIT $2[0m  [["email", "mcholzman1@gmail.com"], ["LIMIT", 1]]
  ↳ app/commands/authenticate_user.rb:21
Completed 200 OK in 151ms (Views: 0.2ms | ActiveRecord: 0.6ms)


Started POST "/auth/login" for 127.0.0.1 at 2018-11-09 11:38:14 -0500
Processing by UsersController#login as HTML
  Parameters: {"email"=>"mcholzman1@gmail.com", "password"=>"[FILTERED]", "user"=>{"email"=>"mcholzman1@gmail.com"}}
  [1m[36mUser Load (1.7ms)[0m  [1m[34mSELECT  "users".* FROM "users" WHERE "users"."email" = $1 LIMIT $2[0m  [["email", "mcholzman1@gmail.com"], ["LIMIT", 1]]
  ↳ app/commands/authenticate_user.rb:21
  [1m[36mCACHE User Load (0.0ms)[0m  [1m[34mSELECT  "users".* FROM "users" WHERE "users"."email" = $1 LIMIT $2[0m  [["email", "mcholzman1@gmail.com"], ["LIMIT", 1]]
  ↳ app/commands/authenticate_user.rb:21
Completed 200 OK in 151ms (Views: 0.1ms | ActiveRecord: 1.7ms)


